#
# There is insufficient memory for the Java Runtime Environment to continue.
# Native memory allocation (malloc) failed to allocate 32744 bytes for ChunkPool::allocate
# Possible reasons:
#   The system is out of physical RAM or swap space
#   The process is running with CompressedOops enabled, and the Java Heap may be blocking the growth of the native heap
# Possible solutions:
#   Reduce memory load on the system
#   Increase physical memory or swap space
#   Check if swap backing store is full
#   Decrease Java heap size (-Xmx/-Xms)
#   Decrease number of Java threads
#   Decrease Java thread stack sizes (-Xss)
#   Set larger code cache with -XX:ReservedCodeCacheSize=
#   JVM is running with Unscaled Compressed Oops mode in which the Java heap is
#     placed in the first 4GB address space. The Java Heap base address is the
#     maximum limit for the native heap growth. Please use -XX:HeapBaseMinAddress
#     to set the Java Heap base and to place the Java Heap above 4GB virtual address.
# This output file may be truncated or incomplete.
#
#  Out of Memory Error (allocation.cpp:272), pid=3232, tid=0x00000000000058e8
#
# JRE version: OpenJDK Runtime Environment (8.0_202-b03) (build 1.8.0_202-release-1483-b03)
# Java VM: OpenJDK 64-Bit Server VM (25.202-b03 mixed mode windows-amd64 compressed oops)
# Failed to write core dump. Minidumps are not enabled by default on client versions of Windows
#

---------------  T H R E A D  ---------------

Current thread (0x0000000016163800):  JavaThread "C2 CompilerThread0" daemon [_thread_in_native, id=22760, stack(0x00000000177c0000,0x00000000178c0000)]

Stack: [0x00000000177c0000,0x00000000178c0000]
[error occurred during error reporting (printing stack bounds), id 0xc0000005]

Native frames: (J=compiled Java code, j=interpreted, Vv=VM code, C=native code)


Current CompileTask:
C2:  40031 2594       4       java.net.URLClassLoader$1::run (5 bytes)


---------------  P R O C E S S  ---------------

Java Threads: ( => current thread )
  0x0000000019882800 JavaThread "Cache worker for execution history cache (C:\Users\Laptop\.gradle\caches\5.4.1\executionHistory)" [_thread_blocked, id=23308, stack(0x000000001f220000,0x000000001f320000)]
  0x0000000019884000 JavaThread "Cache worker for cache directory md-rule (C:\Users\Laptop\.gradle\caches\5.4.1\md-rule)" [_thread_blocked, id=25224, stack(0x000000001f120000,0x000000001f220000)]
  0x000000001925c800 JavaThread "Cache worker for cache directory md-supplier (C:\Users\Laptop\.gradle\caches\5.4.1\md-supplier)" [_thread_blocked, id=19748, stack(0x000000001f020000,0x000000001f120000)]
  0x0000000019261000 JavaThread "Cache worker for file hash cache (D:\Skola\MyApplication2\.gradle\5.4.1\fileHashes)" [_thread_blocked, id=6884, stack(0x000000001d0b0000,0x000000001d1b0000)]
  0x0000000019260800 JavaThread "File lock release action executor" [_thread_blocked, id=18960, stack(0x000000001bfe0000,0x000000001c0e0000)]
  0x000000001925e000 JavaThread "Cache worker for journal cache (C:\Users\Laptop\.gradle\caches\journal-1)" [_thread_blocked, id=25716, stack(0x000000001af10000,0x000000001b010000)]
  0x000000001925d800 JavaThread "File lock request listener" [_thread_in_native, id=22116, stack(0x000000001ac10000,0x000000001ad10000)]
  0x000000001925f800 JavaThread "Cache worker for file hash cache (C:\Users\Laptop\.gradle\caches\5.4.1\fileHashes)" [_thread_blocked, id=24368, stack(0x000000001ab10000,0x000000001ac10000)]
  0x0000000018fcc800 JavaThread "Thread-9" [_thread_blocked, id=25208, stack(0x000000001aa10000,0x000000001ab10000)]
  0x0000000018485000 JavaThread "Stdin handler" [_thread_blocked, id=22160, stack(0x000000001a910000,0x000000001aa10000)]
  0x00000000184e9800 JavaThread "Asynchronous log dispatcher for DefaultDaemonConnection: socket connection from /127.0.0.1:47517 to /127.0.0.1:47520" [_thread_blocked, id=22504, stack(0x000000001a810000,0x000000001a910000)]
  0x00000000184e5000 JavaThread "Daemon worker" [_thread_in_vm, id=24760, stack(0x000000001a710000,0x000000001a810000)]
  0x00000000184e4000 JavaThread "Cancel handler" [_thread_blocked, id=22584, stack(0x000000001a610000,0x000000001a710000)]
  0x0000000017de0000 JavaThread "Handler for socket connection from /127.0.0.1:47517 to /127.0.0.1:47520" [_thread_in_native, id=19888, stack(0x000000001a310000,0x000000001a410000)]
  0x00000000186e6800 JavaThread "Daemon" [_thread_blocked, id=24248, stack(0x000000001a210000,0x000000001a310000)]
  0x0000000017e9b000 JavaThread "Daemon periodic checks" [_thread_blocked, id=4136, stack(0x000000001a110000,0x000000001a210000)]
  0x0000000017e9a000 JavaThread "Incoming local TCP Connector on port 47517" [_thread_in_native, id=22956, stack(0x0000000019ed0000,0x0000000019fd0000)]
  0x0000000017c3a800 JavaThread "Daemon health stats" [_thread_blocked, id=22416, stack(0x0000000019890000,0x0000000019990000)]
  0x0000000017aed000 JavaThread "Service Thread" daemon [_thread_blocked, id=8568, stack(0x0000000017ec0000,0x0000000017fc0000)]
  0x000000001616d800 JavaThread "C1 CompilerThread2" daemon [_thread_in_native, id=22908, stack(0x00000000179c0000,0x0000000017ac0000)]
  0x0000000016164800 JavaThread "C2 CompilerThread1" daemon [_thread_in_native, id=22560, stack(0x00000000178c0000,0x00000000179c0000)]
=>0x0000000016163800 JavaThread "C2 CompilerThread0" daemon [_thread_in_native, id=22760, stack(0x00000000177c0000,0x00000000178c0000)]
  0x0000000016161800 JavaThread "Attach Listener" daemon [_thread_blocked, id=25144, stack(0x00000000176c0000,0x00000000177c0000)]
  0x0000000016168000 JavaThread "Signal Dispatcher" daemon [_thread_blocked, id=26404, stack(0x00000000175c0000,0x00000000176c0000)]
  0x00000000026fc000 JavaThread "Finalizer" daemon [_thread_blocked, id=22972, stack(0x00000000173c0000,0x00000000174c0000)]
  0x0000000016149000 JavaThread "Reference Handler" daemon [_thread_blocked, id=25368, stack(0x00000000172c0000,0x00000000173c0000)]
  0x00000000027ee000 JavaThread "main" [_thread_blocked, id=8668, stack(0x00000000024d0000,0x00000000025d0000)]

Other Threads:
  0x0000000016127800 VMThread [stack: 0x00000000171c0000,0x00000000172c0000] [id=25712]
  0x0000000017aed800 WatcherThread [stack: 0x0000000017fc0000,0x00000000180c0000] [id=14880]

VM state:not at safepoint (normal execution)

VM Mutex/Monitor currently owned by a thread: None

heap address: 0x00000000a0000000, size: 1536 MB, Compressed Oops mode: 32-bit
Narrow klass base: 0x0000000000000000, Narrow klass shift: 3
Compressed class space size: 1073741824 Address: 0x0000000100000000

Heap:
 PSYoungGen      total 50688K, used 34488K [0x00000000e0000000, 0x00000000e3900000, 0x0000000100000000)
  eden space 43008K, 66% used [0x00000000e0000000,0x00000000e1c200b8,0x00000000e2a00000)
  from space 7680K, 74% used [0x00000000e3180000,0x00000000e370e038,0x00000000e3900000)
  to   space 7680K, 0% used [0x00000000e2a00000,0x00000000e2a00000,0x00000000e3180000)
 ParOldGen       total 32256K, used 7916K [0x00000000a0000000, 0x00000000a1f80000, 0x00000000e0000000)
  object space 32256K, 24% used [0x00000000a0000000,0x00000000a07bb308,0x00000000a1f80000)
 Metaspace       used 31163K, capacity 31788K, committed 32128K, reserved 1077248K
  class space    used 4188K, capacity 4395K, committed 4480K, reserved 1048576K

Card table byte_map: [0x0000000011bb0000,0x0000000011ec0000] byte_map_base: 0x00000000116b0000

Marking Bits: (ParMarkBitMap*) 0x0000000050a59f30
 Begin Bits: [0x00000000124c0000, 0x0000000013cc0000)
 End Bits:   [0x0000000013cc0000, 0x00000000154c0000)

Polling page: 0x00000000005f0000

CodeCache: size=245760Kb used=8801Kb max_used=8810Kb free=236958Kb
 bounds [0x00000000027f0000, 0x00000000030a0000, 0x00000000117f0000]
 total_blobs=3062 nmethods=2364 adapters=611
 compilation: enabled

Compilation events (10 events):
Event: 39.881 Thread 0x000000001616d800 2590       3       org.objectweb.asm.MethodWriter::computeMethodInfoSize (704 bytes)
Event: 39.886 Thread 0x000000001616d800 nmethod 2590 0x000000000308ba50 code [0x000000000308bdc0, 0x000000000308dc58]
Event: 39.886 Thread 0x000000001616d800 2591       3       org.objectweb.asm.MethodWriter::hasFrames (13 bytes)
Event: 39.886 Thread 0x000000001616d800 nmethod 2591 0x0000000003082110 code [0x0000000003082260, 0x0000000003082410]
Event: 39.916 Thread 0x0000000016163800 2592       4       java.util.zip.ZipCoder::toString (190 bytes)
Event: 39.924 Thread 0x0000000016164800 2593       4       java.util.zip.ZipEntry::setExtra0 (360 bytes)
Event: 39.931 Thread 0x0000000016163800 nmethod 2592 0x0000000003091910 code [0x0000000003091ac0, 0x0000000003092158]
Event: 39.937 Thread 0x0000000016163800 2594       4       java.net.URLClassLoader$1::run (5 bytes)
Event: 39.937 Thread 0x0000000016164800 nmethod 2593 0x000000000308f450 code [0x000000000308f660, 0x000000000308fda8]
Event: 39.940 Thread 0x0000000016164800 2595   !   4       java.net.URLClassLoader$1::run (63 bytes)

GC Heap History (10 events):
Event: 32.349 GC heap before
{Heap before GC invocations=7 (full 0):
 PSYoungGen      total 36864K, used 36853K [0x00000000e0000000, 0x00000000e2c00000, 0x0000000100000000)
  eden space 30720K, 100% used [0x00000000e0000000,0x00000000e1e00000,0x00000000e1e00000)
  from space 6144K, 99% used [0x00000000e2500000,0x00000000e2afd438,0x00000000e2b00000)
  to   space 7168K, 0% used [0x00000000e1e00000,0x00000000e1e00000,0x00000000e2500000)
 ParOldGen       total 44032K, used 5894K [0x00000000a0000000, 0x00000000a2b00000, 0x00000000e0000000)
  object space 44032K, 13% used [0x00000000a0000000,0x00000000a05c18c0,0x00000000a2b00000)
 Metaspace       used 18677K, capacity 19208K, committed 19328K, reserved 1064960K
  class space    used 2693K, capacity 2887K, committed 2944K, reserved 1048576K
Event: 32.371 GC heap after
Heap after GC invocations=7 (full 0):
 PSYoungGen      total 37376K, used 5928K [0x00000000e0000000, 0x00000000e2c80000, 0x0000000100000000)
  eden space 30208K, 0% used [0x00000000e0000000,0x00000000e0000000,0x00000000e1d80000)
  from space 7168K, 82% used [0x00000000e1e00000,0x00000000e23ca090,0x00000000e2500000)
  to   space 7680K, 0% used [0x00000000e2500000,0x00000000e2500000,0x00000000e2c80000)
 ParOldGen       total 44032K, used 6753K [0x00000000a0000000, 0x00000000a2b00000, 0x00000000e0000000)
  object space 44032K, 15% used [0x00000000a0000000,0x00000000a06987b0,0x00000000a2b00000)
 Metaspace       used 18677K, capacity 19208K, committed 19328K, reserved 1064960K
  class space    used 2693K, capacity 2887K, committed 2944K, reserved 1048576K
}
Event: 33.682 GC heap before
{Heap before GC invocations=8 (full 0):
 PSYoungGen      total 37376K, used 24026K [0x00000000e0000000, 0x00000000e2c80000, 0x0000000100000000)
  eden space 30208K, 59% used [0x00000000e0000000,0x00000000e11ac858,0x00000000e1d80000)
  from space 7168K, 82% used [0x00000000e1e00000,0x00000000e23ca090,0x00000000e2500000)
  to   space 7680K, 0% used [0x00000000e2500000,0x00000000e2500000,0x00000000e2c80000)
 ParOldGen       total 44032K, used 6753K [0x00000000a0000000, 0x00000000a2b00000, 0x00000000e0000000)
  object space 44032K, 15% used [0x00000000a0000000,0x00000000a06987b0,0x00000000a2b00000)
 Metaspace       used 20690K, capacity 21160K, committed 21296K, reserved 1067008K
  class space    used 2951K, capacity 3124K, committed 3200K, reserved 1048576K
Event: 33.725 GC heap after
Heap after GC invocations=8 (full 0):
 PSYoungGen      total 37888K, used 4820K [0x00000000e0000000, 0x00000000e4a00000, 0x0000000100000000)
  eden space 30208K, 0% used [0x00000000e0000000,0x00000000e0000000,0x00000000e1d80000)
  from space 7680K, 62% used [0x00000000e2500000,0x00000000e29b50f8,0x00000000e2c80000)
  to   space 7680K, 0% used [0x00000000e1d80000,0x00000000e1d80000,0x00000000e2500000)
 ParOldGen       total 44032K, used 7473K [0x00000000a0000000, 0x00000000a2b00000, 0x00000000e0000000)
  object space 44032K, 16% used [0x00000000a0000000,0x00000000a074c7d0,0x00000000a2b00000)
 Metaspace       used 20690K, capacity 21160K, committed 21296K, reserved 1067008K
  class space    used 2951K, capacity 3124K, committed 3200K, reserved 1048576K
}
Event: 33.725 GC heap before
{Heap before GC invocations=9 (full 1):
 PSYoungGen      total 37888K, used 4820K [0x00000000e0000000, 0x00000000e4a00000, 0x0000000100000000)
  eden space 30208K, 0% used [0x00000000e0000000,0x00000000e0000000,0x00000000e1d80000)
  from space 7680K, 62% used [0x00000000e2500000,0x00000000e29b50f8,0x00000000e2c80000)
  to   space 7680K, 0% used [0x00000000e1d80000,0x00000000e1d80000,0x00000000e2500000)
 ParOldGen       total 44032K, used 7473K [0x00000000a0000000, 0x00000000a2b00000, 0x00000000e0000000)
  object space 44032K, 16% used [0x00000000a0000000,0x00000000a074c7d0,0x00000000a2b00000)
 Metaspace       used 20690K, capacity 21160K, committed 21296K, reserved 1067008K
  class space    used 2951K, capacity 3124K, committed 3200K, reserved 1048576K
Event: 33.903 GC heap after
Heap after GC invocations=9 (full 1):
 PSYoungGen      total 37888K, used 0K [0x00000000e0000000, 0x00000000e4a00000, 0x0000000100000000)
  eden space 30208K, 0% used [0x00000000e0000000,0x00000000e0000000,0x00000000e1d80000)
  from space 7680K, 0% used [0x00000000e2500000,0x00000000e2500000,0x00000000e2c80000)
  to   space 7680K, 0% used [0x00000000e1d80000,0x00000000e1d80000,0x00000000e2500000)
 ParOldGen       total 32256K, used 7908K [0x00000000a0000000, 0x00000000a1f80000, 0x00000000e0000000)
  object space 32256K, 24% used [0x00000000a0000000,0x00000000a07b9308,0x00000000a1f80000)
 Metaspace       used 20690K, capacity 21160K, committed 21296K, reserved 1067008K
  class space    used 2951K, capacity 3124K, committed 3200K, reserved 1048576K
}
Event: 36.485 GC heap before
{Heap before GC invocations=10 (full 1):
 PSYoungGen      total 37888K, used 30208K [0x00000000e0000000, 0x00000000e4a00000, 0x0000000100000000)
  eden space 30208K, 100% used [0x00000000e0000000,0x00000000e1d80000,0x00000000e1d80000)
  from space 7680K, 0% used [0x00000000e2500000,0x00000000e2500000,0x00000000e2c80000)
  to   space 7680K, 0% used [0x00000000e1d80000,0x00000000e1d80000,0x00000000e2500000)
 ParOldGen       total 32256K, used 7908K [0x00000000a0000000, 0x00000000a1f80000, 0x00000000e0000000)
  object space 32256K, 24% used [0x00000000a0000000,0x00000000a07b9308,0x00000000a1f80000)
 Metaspace       used 24915K, capacity 25440K, committed 25600K, reserved 1071104K
  class space    used 3370K, capacity 3546K, committed 3584K, reserved 1048576K
Event: 36.507 GC heap after
Heap after GC invocations=10 (full 1):
 PSYoungGen      total 37888K, used 5065K [0x00000000e0000000, 0x00000000e3900000, 0x0000000100000000)
  eden space 30208K, 0% used [0x00000000e0000000,0x00000000e0000000,0x00000000e1d80000)
  from space 7680K, 65% used [0x00000000e1d80000,0x00000000e2272650,0x00000000e2500000)
  to   space 7680K, 0% used [0x00000000e3180000,0x00000000e3180000,0x00000000e3900000)
 ParOldGen       total 32256K, used 7908K [0x00000000a0000000, 0x00000000a1f80000, 0x00000000e0000000)
  object space 32256K, 24% used [0x00000000a0000000,0x00000000a07b9308,0x00000000a1f80000)
 Metaspace       used 24915K, capacity 25440K, committed 25600K, reserved 1071104K
  class space    used 3370K, capacity 3546K, committed 3584K, reserved 1048576K
}
Event: 38.792 GC heap before
{Heap before GC invocations=11 (full 1):
 PSYoungGen      total 37888K, used 35273K [0x00000000e0000000, 0x00000000e3900000, 0x0000000100000000)
  eden space 30208K, 100% used [0x00000000e0000000,0x00000000e1d80000,0x00000000e1d80000)
  from space 7680K, 65% used [0x00000000e1d80000,0x00000000e2272650,0x00000000e2500000)
  to   space 7680K, 0% used [0x00000000e3180000,0x00000000e3180000,0x00000000e3900000)
 ParOldGen       total 32256K, used 7908K [0x00000000a0000000, 0x00000000a1f80000, 0x00000000e0000000)
  object space 32256K, 24% used [0x00000000a0000000,0x00000000a07b9308,0x00000000a1f80000)
 Metaspace       used 29119K, capacity 29626K, committed 29952K, reserved 1075200K
  class space    used 3839K, capacity 4040K, committed 4096K, reserved 1048576K
Event: 38.812 GC heap after
Heap after GC invocations=11 (full 1):
 PSYoungGen      total 50688K, used 5688K [0x00000000e0000000, 0x00000000e3900000, 0x0000000100000000)
  eden space 43008K, 0% used [0x00000000e0000000,0x00000000e0000000,0x00000000e2a00000)
  from space 7680K, 74% used [0x00000000e3180000,0x00000000e370e038,0x00000000e3900000)
  to   space 7680K, 0% used [0x00000000e2a00000,0x00000000e2a00000,0x00000000e3180000)
 ParOldGen       total 32256K, used 7916K [0x00000000a0000000, 0x00000000a1f80000, 0x00000000e0000000)
  object space 32256K, 24% used [0x00000000a0000000,0x00000000a07bb308,0x00000000a1f80000)
 Metaspace       used 29119K, capacity 29626K, committed 29952K, reserved 1075200K
  class space    used 3839K, capacity 4040K, committed 4096K, reserved 1048576K
}

Deoptimization events (10 events):
Event: 37.495 Thread 0x00000000184e5000 Uncommon trap: reason=class_check action=maybe_recompile pc=0x0000000002ea1d84 method=sun.misc.URLClassPath.getLoader(I)Lsun/misc/URLClassPath$Loader; @ 94
Event: 37.495 Thread 0x00000000184e5000 Uncommon trap: reason=class_check action=maybe_recompile pc=0x0000000002b3cf2c method=sun.misc.URLClassPath.getResource(Ljava/lang/String;Z)Lsun/misc/Resource; @ 62
Event: 37.495 Thread 0x00000000184e5000 Uncommon trap: reason=unstable_if action=reinterpret pc=0x0000000002ebb59c method=java.lang.String.regionMatches(ZILjava/lang/String;II)Z @ 41
Event: 37.583 Thread 0x00000000184e5000 Uncommon trap: reason=class_check action=maybe_recompile pc=0x0000000002ea1e70 method=sun.misc.URLClassPath.getLoader(I)Lsun/misc/URLClassPath$Loader; @ 239
Event: 37.583 Thread 0x00000000184e5000 Uncommon trap: reason=unstable_if action=reinterpret pc=0x0000000002dd92e8 method=java.lang.String.regionMatches(ZILjava/lang/String;II)Z @ 41
Event: 37.635 Thread 0x00000000184e5000 Uncommon trap: reason=class_check action=maybe_recompile pc=0x0000000002ea1e70 method=sun.misc.URLClassPath.getLoader(I)Lsun/misc/URLClassPath$Loader; @ 239
Event: 37.715 Thread 0x00000000184e5000 Uncommon trap: reason=class_check action=maybe_recompile pc=0x0000000002ea1e70 method=sun.misc.URLClassPath.getLoader(I)Lsun/misc/URLClassPath$Loader; @ 239
Event: 38.533 Thread 0x00000000184e5000 Uncommon trap: reason=unstable_if action=reinterpret pc=0x0000000002939fa8 method=java.util.HashMap.hash(Ljava/lang/Object;)I @ 1
Event: 38.813 Thread 0x0000000016149000 Uncommon trap: reason=unstable_if action=reinterpret pc=0x0000000002ced9bc method=java.lang.ref.Reference.tryHandlePending(Z)Z @ 104
Event: 38.998 Thread 0x00000000184e5000 Uncommon trap: reason=unstable_if action=reinterpret pc=0x0000000002aa0a8c method=java.io.WinNTFileSystem.resolve(Ljava/lang/String;Ljava/lang/String;)Ljava/lang/String; @ 49

Classes redefined (0 events):
No events

Internal exceptions (10 events):
Event: 37.775 Thread 0x00000000184e5000 Exception <a 'java/security/PrivilegedActionException'> (0x00000000e104c4a8) thrown at [D:\src\AOSP-openjdk-cygwin\jdk8u\hotspot\src\share\vm\prims\jvm.cpp, line 1508]
Event: 37.775 Thread 0x00000000184e5000 Exception <a 'java/security/PrivilegedActionException'> (0x00000000e104ce58) thrown at [D:\src\AOSP-openjdk-cygwin\jdk8u\hotspot\src\share\vm\prims\jvm.cpp, line 1508]
Event: 37.776 Thread 0x00000000184e5000 Exception <a 'java/security/PrivilegedActionException'> (0x00000000e1056b80) thrown at [D:\src\AOSP-openjdk-cygwin\jdk8u\hotspot\src\share\vm\prims\jvm.cpp, line 1508]
Event: 37.776 Thread 0x00000000184e5000 Exception <a 'java/security/PrivilegedActionException'> (0x00000000e1057530) thrown at [D:\src\AOSP-openjdk-cygwin\jdk8u\hotspot\src\share\vm\prims\jvm.cpp, line 1508]
Event: 37.777 Thread 0x00000000184e5000 Exception <a 'java/lang/ClassNotFoundException': groovy/lang/Closure$1Customizer> (0x00000000e105fc80) thrown at [D:\src\AOSP-openjdk-cygwin\jdk8u\hotspot\src\share\vm\classfile\systemDictionary.cpp, line 210]
Event: 38.174 Thread 0x00000000184e5000 Exception <a 'java/lang/ClassNotFoundException': org/gradle/internal/metaobject/ConfigureDelegateBeanInfo> (0x00000000e14dcc90) thrown at [D:\src\AOSP-openjdk-cygwin\jdk8u\hotspot\src\share\vm\classfile\systemDictionary.cpp, line 210]
Event: 38.209 Thread 0x00000000184e5000 Exception <a 'java/lang/ClassNotFoundException': org/gradle/internal/metaobject/ConfigureDelegateCustomizer> (0x00000000e1505b18) thrown at [D:\src\AOSP-openjdk-cygwin\jdk8u\hotspot\src\share\vm\classfile\systemDictionary.cpp, line 210]
Event: 38.226 Thread 0x00000000184e5000 Exception <a 'java/lang/ClassNotFoundException': org/gradle/api/internal/initialization/DefaultScriptHandlerBeanInfo> (0x00000000e158a8a0) thrown at [D:\src\AOSP-openjdk-cygwin\jdk8u\hotspot\src\share\vm\classfile\systemDictionary.cpp, line 210]
Event: 38.230 Thread 0x00000000184e5000 Exception <a 'java/lang/ClassNotFoundException': org/gradle/api/internal/initialization/DefaultScriptHandlerCustomizer> (0x00000000e15bad20) thrown at [D:\src\AOSP-openjdk-cygwin\jdk8u\hotspot\src\share\vm\classfile\systemDictionary.cpp, line 210]
Event: 38.533 Thread 0x00000000184e5000 Implicit null exception at 0x0000000002939d95 to 0x0000000002939f99

Events (10 events):
Event: 39.936 loading class org/gradle/internal/Describables
Event: 39.936 loading class org/gradle/internal/Describables done
Event: 39.936 loading class org/gradle/internal/Describables$MemoizingDescribable
Event: 39.936 loading class org/gradle/internal/Describables$MemoizingDescribable done
Event: 39.938 loading class org/gradle/internal/Describables$AbstractDescribable
Event: 39.938 loading class org/gradle/internal/Describables$AbstractDescribable done
Event: 39.939 loading class org/gradle/api/internal/collections/IterationOrderRetainingSetElementSource
Event: 39.939 loading class org/gradle/api/internal/collections/IterationOrderRetainingSetElementSource done
Event: 39.940 loading class org/gradle/api/internal/collections/IterationOrderRetainingSetElementSource$1
Event: 39.940 loading class org/gradle/api/internal/collections/IterationOrderRetainingSetElementSource$1 done


Dynamic libraries:
0x00007ff622ea0000 - 0x00007ff622ed1000 	C:\Program Files\Android\Android Studio\jre\bin\java.exe
0x00007ffcc8a60000 - 0x00007ffcc8c50000 	C:\WINDOWS\SYSTEM32\ntdll.dll
0x00007ffcc7cb0000 - 0x00007ffcc7d62000 	C:\WINDOWS\System32\KERNEL32.DLL
0x00007ffcc6560000 - 0x00007ffcc6803000 	C:\WINDOWS\System32\KERNELBASE.dll
0x00007ffcc3ad0000 - 0x00007ffcc3b5f000 	C:\WINDOWS\SYSTEM32\apphelp.dll
0x00007ffcc87d0000 - 0x00007ffcc8873000 	C:\WINDOWS\System32\ADVAPI32.dll
0x00007ffcc7b70000 - 0x00007ffcc7c0e000 	C:\WINDOWS\System32\msvcrt.dll
0x00007ffcc7d70000 - 0x00007ffcc7e07000 	C:\WINDOWS\System32\sechost.dll
0x00007ffcc83c0000 - 0x00007ffcc84e0000 	C:\WINDOWS\System32\RPCRT4.dll
0x00007ffcc6b10000 - 0x00007ffcc6ca4000 	C:\WINDOWS\System32\USER32.dll
0x00007ffcc68b0000 - 0x00007ffcc68d1000 	C:\WINDOWS\System32\win32u.dll
0x00007ffcc88e0000 - 0x00007ffcc8906000 	C:\WINDOWS\System32\GDI32.dll
0x00007ffcc63c0000 - 0x00007ffcc6554000 	C:\WINDOWS\System32\gdi32full.dll
0x00007ffcc6810000 - 0x00007ffcc68ae000 	C:\WINDOWS\System32\msvcp_win.dll
0x00007ffcc68e0000 - 0x00007ffcc69da000 	C:\WINDOWS\System32\ucrtbase.dll
0x00007ffcb79f0000 - 0x00007ffcb7c75000 	C:\WINDOWS\WinSxS\amd64_microsoft.windows.common-controls_6595b64144ccf1df_6.0.18362.535_none_e6c3b34713100821\COMCTL32.dll
0x00007ffcc7e90000 - 0x00007ffcc81c6000 	C:\WINDOWS\System32\combase.dll
0x00007ffcc6a90000 - 0x00007ffcc6b10000 	C:\WINDOWS\System32\bcryptPrimitives.dll
0x00007ffcc81d0000 - 0x00007ffcc81fe000 	C:\WINDOWS\System32\IMM32.DLL
0x00000000501b0000 - 0x0000000050282000 	C:\Program Files\Android\Android Studio\jre\jre\bin\msvcr100.dll
0x0000000050290000 - 0x0000000050ad6000 	C:\Program Files\Android\Android Studio\jre\jre\bin\server\jvm.dll
0x00007ffcc7ca0000 - 0x00007ffcc7ca8000 	C:\WINDOWS\System32\PSAPI.DLL
0x00007ffcb2880000 - 0x00007ffcb2889000 	C:\WINDOWS\SYSTEM32\WSOCK32.dll
0x00007ffcc8350000 - 0x00007ffcc83bf000 	C:\WINDOWS\System32\WS2_32.dll
0x00007ffcc2370000 - 0x00007ffcc2394000 	C:\WINDOWS\SYSTEM32\WINMM.dll
0x00007ffcbc390000 - 0x00007ffcbc39a000 	C:\WINDOWS\SYSTEM32\VERSION.dll
0x00007ffcc2340000 - 0x00007ffcc236d000 	C:\WINDOWS\SYSTEM32\WINMMBASE.dll
0x00007ffcc6350000 - 0x00007ffcc639a000 	C:\WINDOWS\System32\cfgmgr32.dll
0x00007ffcbf130000 - 0x00007ffcbf13f000 	C:\Program Files\Android\Android Studio\jre\jre\bin\verify.dll
0x00007ffcb9180000 - 0x00007ffcb91a9000 	C:\Program Files\Android\Android Studio\jre\jre\bin\java.dll
0x00007ffcb9160000 - 0x00007ffcb9176000 	C:\Program Files\Android\Android Studio\jre\jre\bin\zip.dll
0x00007ffcc7390000 - 0x00007ffcc7a75000 	C:\WINDOWS\System32\SHELL32.dll
0x00007ffcc8970000 - 0x00007ffcc8a19000 	C:\WINDOWS\System32\shcore.dll
0x00007ffcc5a50000 - 0x00007ffcc61cf000 	C:\WINDOWS\System32\windows.storage.dll
0x00007ffcc59d0000 - 0x00007ffcc59ef000 	C:\WINDOWS\System32\profapi.dll
0x00007ffcc5960000 - 0x00007ffcc59aa000 	C:\WINDOWS\System32\powrprof.dll
0x00007ffcc5930000 - 0x00007ffcc5940000 	C:\WINDOWS\System32\UMPDC.dll
0x00007ffcc8910000 - 0x00007ffcc8962000 	C:\WINDOWS\System32\shlwapi.dll
0x00007ffcc5940000 - 0x00007ffcc5951000 	C:\WINDOWS\System32\kernel.appcore.dll
0x00007ffcc63a0000 - 0x00007ffcc63b7000 	C:\WINDOWS\System32\cryptsp.dll
0x00007ffcb87a0000 - 0x00007ffcb87ba000 	C:\Program Files\Android\Android Studio\jre\jre\bin\net.dll
0x00007ffcc51a0000 - 0x00007ffcc5207000 	C:\WINDOWS\system32\mswsock.dll
0x00007ffcb5750000 - 0x00007ffcb5761000 	C:\Program Files\Android\Android Studio\jre\jre\bin\nio.dll
0x00007ffc9edc0000 - 0x00007ffc9ede6000 	C:\Users\Laptop\.gradle\native\29\windows-amd64\native-platform.dll
0x00007ffcbed90000 - 0x00007ffcbed9d000 	C:\Program Files\Android\Android Studio\jre\jre\bin\management.dll
0x00007ffcc4d10000 - 0x00007ffcc4d43000 	C:\WINDOWS\system32\rsaenh.dll
0x00007ffcc61d0000 - 0x00007ffcc61f6000 	C:\WINDOWS\System32\bcrypt.dll
0x00007ffcc5820000 - 0x00007ffcc5845000 	C:\WINDOWS\SYSTEM32\USERENV.dll
0x00007ffcc5370000 - 0x00007ffcc537c000 	C:\WINDOWS\SYSTEM32\CRYPTBASE.dll
0x00007ffcc4eb0000 - 0x00007ffcc4eea000 	C:\WINDOWS\SYSTEM32\IPHLPAPI.DLL
0x00007ffcc8200000 - 0x00007ffcc8208000 	C:\WINDOWS\System32\NSI.dll
0x00007ffcbbe00000 - 0x00007ffcbbe16000 	C:\WINDOWS\SYSTEM32\dhcpcsvc6.DLL
0x00007ffcbc320000 - 0x00007ffcbc33c000 	C:\WINDOWS\SYSTEM32\dhcpcsvc.DLL
0x00007ffcc4ef0000 - 0x00007ffcc4fba000 	C:\WINDOWS\SYSTEM32\DNSAPI.dll

VM Arguments:
jvm_args: -Xmx1536m -Dfile.encoding=windows-1250 -Duser.country=US -Duser.language=en -Duser.variant 
java_command: org.gradle.launcher.daemon.bootstrap.GradleDaemon 5.4.1
java_class_path (initial): C:\Users\Laptop\.gradle\wrapper\dists\gradle-5.4.1-all\3221gyojl5jsh0helicew7rwx\gradle-5.4.1\lib\gradle-launcher-5.4.1.jar
Launcher Type: SUN_STANDARD

Environment Variables:
PATH=C:\ProgramData\Oracle\Java\javapath;C:\WINDOWS\system32;C:\WINDOWS;C:\WINDOWS\System32\Wbem;C:\WINDOWS\System32\WindowsPowerShell\v1.0\;C:\Program Files (x86)\NVIDIA Corporation\PhysX\Common;C:\Program Files (x86)\GtkSharp\2.12\bin;C:\WINDOWS\System32\OpenSSH\;C:\Program Files (x86)\Microsoft SQL Server\150\DTS\Binn\;C:\Program Files\Microsoft SQL Server\Client SDK\ODBC\130\Tools\Binn\;C:\Program Files (x86)\Microsoft SQL Server\140\Tools\Binn\;C:\Program Files\Microsoft SQL Server\140\Tools\Binn\;C:\Program Files\Microsoft SQL Server\140\DTS\Binn\;C:\Users\Laptop\AppData\Local\Microsoft\WindowsApps;C:\Users\Laptop\AppData\Local\atom\bin;C:\Users\Laptop\AppData\Local\Microsoft\WindowsApps;C:\Users\Laptop\AppData\Local\Programs\Microsoft VS Code\bin;C:\Users\Laptop\AppData\Local\GitHubDesktop\bin
USERNAME=Laptop
OS=Windows_NT
PROCESSOR_IDENTIFIER=Intel64 Family 6 Model 69 Stepping 1, GenuineIntel



---------------  S Y S T E M  ---------------

OS: Windows 10.0 , 64 bit Build 18362 (10.0.18362.329)

CPU:total 4 (initial active 4) (2 cores per cpu, 2 threads per core) family 6 model 69 stepping 1, cmov, cx8, fxsr, mmx, sse, sse2, sse3, ssse3, sse4.1, sse4.2, popcnt, avx, avx2, aes, clmul, erms, lzcnt, ht, tsc, tscinvbit, bmi1, bmi2

Memory: 4k page, physical 4119916k(24000k free), swap 8239468k(5356k free)

vm_info: OpenJDK 64-Bit Server VM (25.202-b03) for windows-amd64 JRE (1.8.0_202-release-1483-b03), built by "builder" with MS VC++ 10.0 (VS2010)

time: Wed Jan 15 17:33:22 2020
timezone: Central European Standard Time
elapsed time: 40 seconds (0d 0h 0m 40s)

