#
# There is insufficient memory for the Java Runtime Environment to continue.
# Native memory allocation (malloc) failed to allocate 925536 bytes for Chunk::new
# Possible reasons:
#   The system is out of physical RAM or swap space
#   The process is running with CompressedOops enabled, and the Java Heap may be blocking the growth of the native heap
# Possible solutions:
#   Reduce memory load on the system
#   Increase physical memory or swap space
#   Check if swap backing store is full
#   Decrease Java heap size (-Xmx/-Xms)
#   Decrease number of Java threads
#   Decrease Java thread stack sizes (-Xss)
#   Set larger code cache with -XX:ReservedCodeCacheSize=
#   JVM is running with Unscaled Compressed Oops mode in which the Java heap is
#     placed in the first 4GB address space. The Java Heap base address is the
#     maximum limit for the native heap growth. Please use -XX:HeapBaseMinAddress
#     to set the Java Heap base and to place the Java Heap above 4GB virtual address.
# This output file may be truncated or incomplete.
#
#  Out of Memory Error (allocation.cpp:389), pid=26836, tid=0x0000000000006c58
#
# JRE version: OpenJDK Runtime Environment (8.0_202-b03) (build 1.8.0_202-release-1483-b03)
# Java VM: OpenJDK 64-Bit Server VM (25.202-b03 mixed mode windows-amd64 compressed oops)
# Failed to write core dump. Minidumps are not enabled by default on client versions of Windows
#

---------------  T H R E A D  ---------------

Current thread (0x000000001618a800):  JavaThread "C2 CompilerThread0" daemon [_thread_in_native, id=27736, stack(0x00000000177e0000,0x00000000178e0000)]

Stack: [0x00000000177e0000,0x00000000178e0000]
[error occurred during error reporting (printing stack bounds), id 0xc0000005]

Native frames: (J=compiled Java code, j=interpreted, Vv=VM code, C=native code)


Current CompileTask:
C2: 514937 20077 %     4       com.android.tools.r8.ir.code.Phi::a @ 197 (339 bytes)


---------------  P R O C E S S  ---------------

Java Threads: ( => current thread )
  0x0000000022bc4800 JavaThread "ForkJoinPool.commonPool-worker-3" daemon [_thread_blocked, id=27204, stack(0x00000000290b0000,0x00000000291b0000)]
  0x0000000022bc6000 JavaThread "ForkJoinPool.commonPool-worker-0" daemon [_thread_blocked, id=29224, stack(0x0000000028fb0000,0x00000000290b0000)]
  0x000000001dd73000 JavaThread "Cache worker for Java compile cache (D:\Skola\MyApplication2\.gradle\5.4.1\javaCompile)" [_thread_blocked, id=27664, stack(0x00000000286b0000,0x00000000287b0000)]
  0x000000001bd94800 JavaThread "Cache worker for Java compile cache (C:\Users\Laptop\.gradle\caches\5.4.1\javaCompile)" [_thread_blocked, id=23904, stack(0x00000000285b0000,0x00000000286b0000)]
  0x000000001bd91800 JavaThread "stdout" [_thread_in_native, id=28472, stack(0x00000000284b0000,0x00000000285b0000)]
  0x000000001bd96800 JavaThread "stderr" [_thread_in_native, id=29576, stack(0x00000000283b0000,0x00000000284b0000)]
  0x000000001bd96000 JavaThread "stdout" [_thread_in_native, id=24304, stack(0x00000000282b0000,0x00000000283b0000)]
  0x000000001bd93000 JavaThread "stderr" [_thread_in_native, id=28780, stack(0x00000000281b0000,0x00000000282b0000)]
  0x000000001bd90800 JavaThread "stdout" [_thread_in_native, id=21780, stack(0x00000000280b0000,0x00000000281b0000)]
  0x000000001bd90000 JavaThread "stderr" [_thread_in_native, id=15016, stack(0x0000000027fb0000,0x00000000280b0000)]
  0x000000001bd88800 JavaThread "stdout" [_thread_in_native, id=27452, stack(0x0000000027eb0000,0x0000000027fb0000)]
  0x000000001bd8f000 JavaThread "stderr" [_thread_in_native, id=29268, stack(0x0000000027db0000,0x0000000027eb0000)]
  0x000000001bd8a000 JavaThread "pool-5-thread-1" [_thread_blocked, id=29240, stack(0x0000000027a40000,0x0000000027b40000)]
  0x000000001bd8d800 JavaThread "MarlinRenderer Disposer" daemon [_thread_blocked, id=29412, stack(0x0000000027860000,0x0000000027960000)]
  0x000000001bd89000 JavaThread "Java2D Disposer" daemon [_thread_blocked, id=29064, stack(0x0000000027640000,0x0000000027740000)]
  0x000000001bd87800 JavaThread "WorkerExecutor Queue Thread 4" [_thread_blocked, id=22484, stack(0x0000000027140000,0x0000000027240000)]
  0x000000001bd8c000 JavaThread "WorkerExecutor Queue Thread 3" [_thread_blocked, id=21584, stack(0x0000000027040000,0x0000000027140000)]
  0x000000001bd8b800 JavaThread "WorkerExecutor Queue Thread 2" [_thread_blocked, id=29660, stack(0x0000000026f40000,0x0000000027040000)]
  0x00000000194ec800 JavaThread "WorkerExecutor Queue" [_thread_blocked, id=22636, stack(0x0000000026a70000,0x0000000026b70000)]
  0x000000001dd72800 JavaThread "Cache worker for execution history cache (D:\Skola\MyApplication2\.gradle\5.4.1\executionHistory)" [_thread_blocked, id=29296, stack(0x0000000026970000,0x0000000026a70000)]
  0x000000001dd70800 JavaThread "Execution worker for ':' Thread 3" [_thread_in_Java, id=27988, stack(0x0000000026e40000,0x0000000026f40000)]
  0x000000001dd69000 JavaThread "Execution worker for ':' Thread 2" [_thread_blocked, id=22496, stack(0x0000000026d40000,0x0000000026e40000)]
  0x000000001dd6d800 JavaThread "Execution worker for ':'" [_thread_blocked, id=3212, stack(0x0000000026c40000,0x0000000026d40000)]
  0x000000001dd6d000 JavaThread "Cache worker for file content cache (D:\Skola\MyApplication2\.gradle\5.4.1\fileContent)" [_thread_blocked, id=28136, stack(0x0000000026870000,0x0000000026970000)]
  0x000000001dd70000 JavaThread "Cache worker for file content cache (C:\Users\Laptop\.gradle\caches\5.4.1\fileContent)" [_thread_blocked, id=28924, stack(0x0000000026770000,0x0000000026870000)]
  0x000000001dd6c000 JavaThread "Cache worker for Build Output Cleanup Cache (D:\Skola\MyApplication2\.gradle\buildOutputCleanup)" [_thread_blocked, id=26224, stack(0x0000000026670000,0x0000000026770000)]
  0x000000001dd6b800 JavaThread "Build operations Thread 4" [_thread_blocked, id=28340, stack(0x0000000026570000,0x0000000026670000)]
  0x000000001dd6e800 JavaThread "Build operations Thread 3" [_thread_blocked, id=29368, stack(0x0000000025410000,0x0000000025510000)]
  0x000000001d434000 JavaThread "Build operations Thread 2" [_thread_blocked, id=28344, stack(0x0000000025310000,0x0000000025410000)]
  0x000000001d435800 JavaThread "Build operations" [_thread_blocked, id=29340, stack(0x00000000218f0000,0x00000000219f0000)]
  0x000000001d435000 JavaThread "Cache worker for cache directory md-rule (C:\Users\Laptop\.gradle\caches\5.4.1\md-rule)" [_thread_blocked, id=22760, stack(0x000000001e6a0000,0x000000001e7a0000)]
  0x000000001d431800 JavaThread "Cache worker for cache directory md-supplier (C:\Users\Laptop\.gradle\caches\5.4.1\md-supplier)" [_thread_blocked, id=23372, stack(0x000000001e5a0000,0x000000001e6a0000)]
  0x000000001d42e000 JavaThread "Cache worker for file hash cache (D:\Skola\MyApplication2\.gradle\5.4.1\fileHashes)" [_thread_blocked, id=26700, stack(0x000000001a830000,0x000000001a930000)]
  0x000000001d431000 JavaThread "Thread-61" [_thread_blocked, id=24060, stack(0x000000001a730000,0x000000001a830000)]
  0x000000001d426800 JavaThread "Asynchronous log dispatcher for DefaultDaemonConnection: socket connection from /127.0.0.1:48364 to /127.0.0.1:48435" [_thread_blocked, id=28448, stack(0x000000001a330000,0x000000001a430000)]
  0x000000001d428000 JavaThread "Daemon worker Thread 2" [_thread_blocked, id=8164, stack(0x000000001a230000,0x000000001a330000)]
  0x000000001d427000 JavaThread "Cancel handler" [_thread_blocked, id=28688, stack(0x0000000000c20000,0x0000000000d20000)]
  0x000000001d42d000 JavaThread "Handler for socket connection from /127.0.0.1:48364 to /127.0.0.1:48435" [_thread_in_native, id=28844, stack(0x0000000000b20000,0x0000000000c20000)]
  0x000000001d42a000 JavaThread "Daemon Thread 2" [_thread_blocked, id=29344, stack(0x0000000000a20000,0x0000000000b20000)]
  0x000000001dd6a800 JavaThread "Memory manager" [_thread_blocked, id=27776, stack(0x0000000021bf0000,0x0000000021cf0000)]
  0x000000001d42b800 JavaThread "Cache worker for execution history cache (C:\Users\Laptop\.gradle\caches\5.4.1\executionHistory)" [_thread_blocked, id=20148, stack(0x000000001fdf0000,0x000000001fef0000)]
  0x00000000194ea000 JavaThread "Cache worker for journal cache (C:\Users\Laptop\.gradle\caches\journal-1)" [_thread_blocked, id=28444, stack(0x000000001af30000,0x000000001b030000)]
  0x00000000194f1000 JavaThread "File lock request listener" [_thread_in_native, id=27160, stack(0x000000001ac30000,0x000000001ad30000)]
  0x00000000194eb800 JavaThread "Cache worker for file hash cache (C:\Users\Laptop\.gradle\caches\5.4.1\fileHashes)" [_thread_blocked, id=27440, stack(0x000000001ab30000,0x000000001ac30000)]
  0x0000000018eca800 JavaThread "Daemon periodic checks" [_thread_blocked, id=27144, stack(0x000000001a130000,0x000000001a230000)]
  0x0000000018ec9000 JavaThread "Incoming local TCP Connector on port 48364" [_thread_in_native, id=28624, stack(0x0000000019ef0000,0x0000000019ff0000)]
  0x0000000018fa9800 JavaThread "Daemon health stats" [_thread_blocked, id=28192, stack(0x00000000198b0000,0x00000000199b0000)]
  0x0000000017b01800 JavaThread "Service Thread" daemon [_thread_blocked, id=28760, stack(0x0000000017ee0000,0x0000000017fe0000)]
  0x0000000016194800 JavaThread "C1 CompilerThread2" daemon [_thread_blocked, id=27760, stack(0x00000000179e0000,0x0000000017ae0000)]
  0x000000001618d800 JavaThread "C2 CompilerThread1" daemon [_thread_in_native, id=28796, stack(0x00000000178e0000,0x00000000179e0000)]
=>0x000000001618a800 JavaThread "C2 CompilerThread0" daemon [_thread_in_native, id=27736, stack(0x00000000177e0000,0x00000000178e0000)]
  0x0000000016180800 JavaThread "Attach Listener" daemon [_thread_blocked, id=23324, stack(0x00000000176e0000,0x00000000177e0000)]
  0x0000000016187000 JavaThread "Signal Dispatcher" daemon [_thread_blocked, id=12000, stack(0x00000000175e0000,0x00000000176e0000)]
  0x000000000280b000 JavaThread "Finalizer" daemon [_thread_blocked, id=28588, stack(0x00000000173e0000,0x00000000174e0000)]
  0x0000000016169000 JavaThread "Reference Handler" daemon [_thread_blocked, id=26976, stack(0x00000000172e0000,0x00000000173e0000)]
  0x000000000091e000 JavaThread "main" [_thread_blocked, id=14404, stack(0x0000000002610000,0x0000000002710000)]

Other Threads:
  0x0000000016147000 VMThread [stack: 0x00000000171e0000,0x00000000172e0000] [id=20512]
  0x0000000017b13000 WatcherThread [stack: 0x0000000017fe0000,0x00000000180e0000] [id=29684]

VM state:not at safepoint (normal execution)

VM Mutex/Monitor currently owned by a thread: None

OutOfMemory and StackOverflow Exception counts:
OutOfMemoryError java_heap_errors=1

heap address: 0x00000000a0000000, size: 1536 MB, Compressed Oops mode: 32-bit
Narrow klass base: 0x0000000000000000, Narrow klass shift: 3
Compressed class space size: 1073741824 Address: 0x0000000100000000

Heap:
 PSYoungGen      total 343552K, used 111270K [0x00000000e0000000, 0x00000000f7900000, 0x0000000100000000)
  eden space 304128K, 36% used [0x00000000e0000000,0x00000000e6ca9a68,0x00000000f2900000)
  from space 39424K, 0% used [0x00000000f2900000,0x00000000f2900000,0x00000000f4f80000)
  to   space 34816K, 0% used [0x00000000f5700000,0x00000000f5700000,0x00000000f7900000)
 ParOldGen       total 147456K, used 70748K [0x00000000a0000000, 0x00000000a9000000, 0x00000000e0000000)
  object space 147456K, 47% used [0x00000000a0000000,0x00000000a45171b8,0x00000000a9000000)
 Metaspace       used 101956K, capacity 106333K, committed 106496K, reserved 1148928K
  class space    used 12934K, capacity 13809K, committed 13824K, reserved 1048576K

Card table byte_map: [0x0000000011bd0000,0x0000000011ee0000] byte_map_base: 0x00000000116d0000

Marking Bits: (ParMarkBitMap*) 0x0000000050a59f30
 Begin Bits: [0x00000000124e0000, 0x0000000013ce0000)
 End Bits:   [0x0000000013ce0000, 0x00000000154e0000)

Polling page: 0x00000000008c0000

CodeCache: size=245760Kb used=58554Kb max_used=58554Kb free=187205Kb
 bounds [0x0000000002810000, 0x0000000006190000, 0x0000000011810000]
 total_blobs=17541 nmethods=16516 adapters=934
 compilation: enabled

Compilation events (10 events):
Event: 514.912 Thread 0x0000000016194800 20188       2       com.android.tools.r8.n.a.a.a.g.B0$b::nextInt (13 bytes)
Event: 514.912 Thread 0x0000000016194800 nmethod 20188 0x0000000004b6c410 code [0x0000000004b6c580, 0x0000000004b6c728]
Event: 514.912 Thread 0x0000000016194800 20189       2       com.android.tools.r8.ir.conversion.IRBuilder::i (60 bytes)
Event: 514.913 Thread 0x0000000016194800 nmethod 20189 0x00000000039d5450 code [0x00000000039d55e0, 0x00000000039d58e8]
Event: 514.913 Thread 0x0000000016194800 20190       2       com.android.tools.r8.utils.z::a (49 bytes)
Event: 514.913 Thread 0x0000000016194800 nmethod 20190 0x00000000039d5010 code [0x00000000039d51a0, 0x00000000039d5388]
Event: 514.913 Thread 0x0000000016194800 20191       2       com.android.tools.r8.ir.code.Argument::<init> (15 bytes)
Event: 514.914 Thread 0x0000000016194800 nmethod 20191 0x00000000039d4bd0 code [0x00000000039d4d40, 0x00000000039d4ef8]
Event: 514.914 Thread 0x0000000016194800 20192       2       com.android.tools.r8.ir.code.Value::M (54 bytes)
Event: 514.914 Thread 0x0000000016194800 nmethod 20192 0x00000000039d4890 code [0x00000000039d49e0, 0x00000000039d4b30]

GC Heap History (10 events):
Event: 510.862 GC heap before
{Heap before GC invocations=38 (full 5):
 PSYoungGen      total 346112K, used 3040K [0x00000000e0000000, 0x00000000f8600000, 0x0000000100000000)
  eden space 304128K, 0% used [0x00000000e0000000,0x00000000e02f80f8,0x00000000f2900000)
  from space 41984K, 0% used [0x00000000f4f80000,0x00000000f4f80000,0x00000000f7880000)
  to   space 39424K, 0% used [0x00000000f2900000,0x00000000f2900000,0x00000000f4f80000)
 ParOldGen       total 147456K, used 69497K [0x00000000a0000000, 0x00000000a9000000, 0x00000000e0000000)
  object space 147456K, 47% used [0x00000000a0000000,0x00000000a43de568,0x00000000a9000000)
 Metaspace       used 94104K, capacity 97880K, committed 98176K, reserved 1138688K
  class space    used 11837K, capacity 12624K, committed 12672K, reserved 1048576K
Event: 510.866 GC heap after
Heap after GC invocations=38 (full 5):
 PSYoungGen      total 343552K, used 64K [0x00000000e0000000, 0x00000000f8600000, 0x0000000100000000)
  eden space 304128K, 0% used [0x00000000e0000000,0x00000000e0000000,0x00000000f2900000)
  from space 39424K, 0% used [0x00000000f2900000,0x00000000f2910000,0x00000000f4f80000)
  to   space 41984K, 0% used [0x00000000f4f80000,0x00000000f4f80000,0x00000000f7880000)
 ParOldGen       total 147456K, used 69497K [0x00000000a0000000, 0x00000000a9000000, 0x00000000e0000000)
  object space 147456K, 47% used [0x00000000a0000000,0x00000000a43de568,0x00000000a9000000)
 Metaspace       used 94104K, capacity 97880K, committed 98176K, reserved 1138688K
  class space    used 11837K, capacity 12624K, committed 12672K, reserved 1048576K
}
Event: 511.800 GC heap before
{Heap before GC invocations=39 (full 5):
 PSYoungGen      total 343552K, used 57572K [0x00000000e0000000, 0x00000000f8600000, 0x0000000100000000)
  eden space 304128K, 18% used [0x00000000e0000000,0x00000000e38290a0,0x00000000f2900000)
  from space 39424K, 0% used [0x00000000f2900000,0x00000000f2910000,0x00000000f4f80000)
  to   space 41984K, 0% used [0x00000000f4f80000,0x00000000f4f80000,0x00000000f7880000)
 ParOldGen       total 147456K, used 69497K [0x00000000a0000000, 0x00000000a9000000, 0x00000000e0000000)
  object space 147456K, 47% used [0x00000000a0000000,0x00000000a43de568,0x00000000a9000000)
 Metaspace       used 98123K, capacity 102075K, committed 102144K, reserved 1150976K
  class space    used 12469K, capacity 13282K, committed 13312K, reserved 1048576K
Event: 511.812 GC heap after
Heap after GC invocations=39 (full 5):
 PSYoungGen      total 346112K, used 7048K [0x00000000e0000000, 0x00000000f8600000, 0x0000000100000000)
  eden space 304128K, 0% used [0x00000000e0000000,0x00000000e0000000,0x00000000f2900000)
  from space 41984K, 16% used [0x00000000f4f80000,0x00000000f5662030,0x00000000f7880000)
  to   space 39424K, 0% used [0x00000000f2900000,0x00000000f2900000,0x00000000f4f80000)
 ParOldGen       total 147456K, used 69505K [0x00000000a0000000, 0x00000000a9000000, 0x00000000e0000000)
  object space 147456K, 47% used [0x00000000a0000000,0x00000000a43e0568,0x00000000a9000000)
 Metaspace       used 98123K, capacity 102075K, committed 102144K, reserved 1150976K
  class space    used 12469K, capacity 13282K, committed 13312K, reserved 1048576K
}
Event: 511.812 GC heap before
{Heap before GC invocations=40 (full 6):
 PSYoungGen      total 346112K, used 7048K [0x00000000e0000000, 0x00000000f8600000, 0x0000000100000000)
  eden space 304128K, 0% used [0x00000000e0000000,0x00000000e0000000,0x00000000f2900000)
  from space 41984K, 16% used [0x00000000f4f80000,0x00000000f5662030,0x00000000f7880000)
  to   space 39424K, 0% used [0x00000000f2900000,0x00000000f2900000,0x00000000f4f80000)
 ParOldGen       total 147456K, used 69505K [0x00000000a0000000, 0x00000000a9000000, 0x00000000e0000000)
  object space 147456K, 47% used [0x00000000a0000000,0x00000000a43e0568,0x00000000a9000000)
 Metaspace       used 98123K, capacity 102075K, committed 102144K, reserved 1150976K
  class space    used 12469K, capacity 13282K, committed 13312K, reserved 1048576K
Event: 512.032 GC heap after
Heap after GC invocations=40 (full 6):
 PSYoungGen      total 346112K, used 0K [0x00000000e0000000, 0x00000000f8600000, 0x0000000100000000)
  eden space 304128K, 0% used [0x00000000e0000000,0x00000000e0000000,0x00000000f2900000)
  from space 41984K, 0% used [0x00000000f4f80000,0x00000000f4f80000,0x00000000f7880000)
  to   space 39424K, 0% used [0x00000000f2900000,0x00000000f2900000,0x00000000f4f80000)
 ParOldGen       total 147456K, used 73727K [0x00000000a0000000, 0x00000000a9000000, 0x00000000e0000000)
  object space 147456K, 49% used [0x00000000a0000000,0x00000000a47ffd50,0x00000000a9000000)
 Metaspace       used 98100K, capacity 102015K, committed 102144K, reserved 1146880K
  class space    used 12461K, capacity 13268K, committed 13312K, reserved 1048576K
}
Event: 512.035 GC heap before
{Heap before GC invocations=41 (full 6):
 PSYoungGen      total 346112K, used 3546K [0x00000000e0000000, 0x00000000f8600000, 0x0000000100000000)
  eden space 304128K, 1% used [0x00000000e0000000,0x00000000e0376980,0x00000000f2900000)
  from space 41984K, 0% used [0x00000000f4f80000,0x00000000f4f80000,0x00000000f7880000)
  to   space 39424K, 0% used [0x00000000f2900000,0x00000000f2900000,0x00000000f4f80000)
 ParOldGen       total 147456K, used 73727K [0x00000000a0000000, 0x00000000a9000000, 0x00000000e0000000)
  object space 147456K, 49% used [0x00000000a0000000,0x00000000a47ffd50,0x00000000a9000000)
 Metaspace       used 98107K, capacity 102015K, committed 102144K, reserved 1150976K
  class space    used 12464K, capacity 13268K, committed 13312K, reserved 1048576K
Event: 512.038 GC heap after
Heap after GC invocations=41 (full 6):
 PSYoungGen      total 343552K, used 160K [0x00000000e0000000, 0x00000000f7900000, 0x0000000100000000)
  eden space 304128K, 0% used [0x00000000e0000000,0x00000000e0000000,0x00000000f2900000)
  from space 39424K, 0% used [0x00000000f2900000,0x00000000f2928000,0x00000000f4f80000)
  to   space 34816K, 0% used [0x00000000f5700000,0x00000000f5700000,0x00000000f7900000)
 ParOldGen       total 147456K, used 73727K [0x00000000a0000000, 0x00000000a9000000, 0x00000000e0000000)
  object space 147456K, 49% used [0x00000000a0000000,0x00000000a47ffd50,0x00000000a9000000)
 Metaspace       used 98107K, capacity 102015K, committed 102144K, reserved 1150976K
  class space    used 12464K, capacity 13268K, committed 13312K, reserved 1048576K
}
Event: 512.038 GC heap before
{Heap before GC invocations=42 (full 7):
 PSYoungGen      total 343552K, used 160K [0x00000000e0000000, 0x00000000f7900000, 0x0000000100000000)
  eden space 304128K, 0% used [0x00000000e0000000,0x00000000e0000000,0x00000000f2900000)
  from space 39424K, 0% used [0x00000000f2900000,0x00000000f2928000,0x00000000f4f80000)
  to   space 34816K, 0% used [0x00000000f5700000,0x00000000f5700000,0x00000000f7900000)
 ParOldGen       total 147456K, used 73727K [0x00000000a0000000, 0x00000000a9000000, 0x00000000e0000000)
  object space 147456K, 49% used [0x00000000a0000000,0x00000000a47ffd50,0x00000000a9000000)
 Metaspace       used 98107K, capacity 102015K, committed 102144K, reserved 1150976K
  class space    used 12464K, capacity 13268K, committed 13312K, reserved 1048576K
Event: 512.244 GC heap after
Heap after GC invocations=42 (full 7):
 PSYoungGen      total 343552K, used 0K [0x00000000e0000000, 0x00000000f7900000, 0x0000000100000000)
  eden space 304128K, 0% used [0x00000000e0000000,0x00000000e0000000,0x00000000f2900000)
  from space 39424K, 0% used [0x00000000f2900000,0x00000000f2900000,0x00000000f4f80000)
  to   space 34816K, 0% used [0x00000000f5700000,0x00000000f5700000,0x00000000f7900000)
 ParOldGen       total 147456K, used 70748K [0x00000000a0000000, 0x00000000a9000000, 0x00000000e0000000)
  object space 147456K, 47% used [0x00000000a0000000,0x00000000a45171b8,0x00000000a9000000)
 Metaspace       used 98107K, capacity 102015K, committed 102144K, reserved 1146880K
  class space    used 12464K, capacity 13268K, committed 13312K, reserved 1048576K
}

Deoptimization events (10 events):
Event: 513.633 Thread 0x000000001dd70800 Uncommon trap: reason=bimorphic action=maybe_recompile pc=0x0000000005e8fe78 method=com.android.tools.r8.ir.code.ValueType.a(Lcom/android/tools/r8/ir/analysis/type/TypeLatticeElement;)Lcom/android/tools/r8/ir/code/ValueType; @ 23
Event: 513.640 Thread 0x000000001dd70800 Uncommon trap: reason=unstable_if action=reinterpret pc=0x0000000005f52f1c method=com.android.tools.r8.ir.optimize.z.a(Lcom/android/tools/r8/ir/code/Instruction;)Z @ 146
Event: 513.882 Thread 0x000000001dd70800 Uncommon trap: reason=unstable_if action=reinterpret pc=0x000000000600ed14 method=com.android.tools.r8.m.a.a.b.A0.b(I[Ljava/lang/Object;)Lcom/android/tools/r8/m/a/a/b/A0; @ 174
Event: 513.935 Thread 0x000000001dd70800 Uncommon trap: reason=unstable_if action=reinterpret pc=0x0000000005f4cc8c method=com.android.tools.r8.n.a.a.a.g.B0.a(ILjava/lang/Object;)Ljava/lang/Object; @ 8
Event: 514.471 Thread 0x000000001dd70800 Uncommon trap: reason=unstable_if action=reinterpret pc=0x00000000035b06b4 method=com.android.tools.r8.ir.regalloc.a.a(ILcom/android/tools/r8/ir/regalloc/a$a;)Z @ 84
Event: 514.486 Thread 0x000000001dd70800 Uncommon trap: reason=unstable_if action=reinterpret pc=0x0000000003476f2c method=java.util.HashMap.putVal(ILjava/lang/Object;Ljava/lang/Object;ZZ)Ljava/lang/Object; @ 162
Event: 514.487 Thread 0x000000001dd70800 Uncommon trap: reason=unstable_if action=reinterpret pc=0x000000000315818c method=java.util.HashMap.getNode(ILjava/lang/Object;)Ljava/util/HashMap$Node; @ 84
Event: 514.490 Thread 0x000000001dd70800 Uncommon trap: reason=unstable_if action=reinterpret pc=0x0000000002a7f47c method=java.util.HashMap.getNode(ILjava/lang/Object;)Ljava/util/HashMap$Node; @ 129
Event: 514.790 Thread 0x000000001dd70800 Uncommon trap: reason=unstable_if action=reinterpret pc=0x0000000005e61548 method=com.android.tools.r8.ir.regalloc.LiveIntervals.getSplitCovering(I)Lcom/android/tools/r8/ir/regalloc/LiveIntervals; @ 132
Event: 514.797 Thread 0x000000001dd70800 Uncommon trap: reason=unstable_if action=reinterpret pc=0x0000000003c53a2c method=com.android.tools.r8.ir.regalloc.LiveIntervals.getSplitCovering(I)Lcom/android/tools/r8/ir/regalloc/LiveIntervals; @ 132

Classes redefined (0 events):
No events

Internal exceptions (10 events):
Event: 508.195 Thread 0x000000001dd70800 Exception <a 'sun/nio/fs/WindowsException'> (0x00000000e406d7e0) thrown at [D:\src\AOSP-openjdk-cygwin\jdk8u\hotspot\src\share\vm\prims\jni.cpp, line 710]
Event: 508.222 Thread 0x000000001dd70800 Exception <a 'sun/nio/fs/WindowsException'> (0x00000000e41e7f88) thrown at [D:\src\AOSP-openjdk-cygwin\jdk8u\hotspot\src\share\vm\prims\jni.cpp, line 710]
Event: 508.224 Thread 0x000000001d428000 Exception <a 'sun/nio/fs/WindowsException'> (0x00000000e2f72b98) thrown at [D:\src\AOSP-openjdk-cygwin\jdk8u\hotspot\src\share\vm\prims\jni.cpp, line 710]
Event: 508.263 Thread 0x000000001dd6d800 Exception <a 'sun/nio/fs/WindowsException'> (0x00000000e416ca00) thrown at [D:\src\AOSP-openjdk-cygwin\jdk8u\hotspot\src\share\vm\prims\jni.cpp, line 710]
Event: 508.424 Thread 0x000000001d428000 Exception <a 'java/lang/NoSuchMethodError': java.lang.Object.lambda$static$0(Ljava/lang/String;)Z> (0x00000000e445d7e8) thrown at [D:\src\AOSP-openjdk-cygwin\jdk8u\hotspot\src\share\vm\interpreter\linkResolver.cpp, line 620]
Event: 510.968 Thread 0x000000001d428000 Exception <a 'sun/nio/fs/WindowsException'> (0x00000000e02f06c8) thrown at [D:\src\AOSP-openjdk-cygwin\jdk8u\hotspot\src\share\vm\prims\jni.cpp, line 710]
Event: 510.973 Thread 0x000000001dd70800 Exception <a 'sun/nio/fs/WindowsException'> (0x00000000e0924308) thrown at [D:\src\AOSP-openjdk-cygwin\jdk8u\hotspot\src\share\vm\prims\jni.cpp, line 710]
Event: 511.483 Thread 0x0000000022bc6800 Exception <a 'java/lang/OutOfMemoryError': unable to create new native thread> (0x00000000e25e1ce8) thrown at [D:\src\AOSP-openjdk-cygwin\jdk8u\hotspot\src\share\vm\prims\jvm.cpp, line 3147]
Event: 512.259 Thread 0x000000001dd70800 Exception <a 'java/lang/NoSuchMethodError': java.lang.Object.lambda$maxBy$1(Ljava/util/Comparator;Ljava/lang/Object;Ljava/lang/Object;)Ljava/lang/Object;> (0x00000000e032f648) thrown at [D:\src\AOSP-openjdk-cygwin\jdk8u\hotspot\src\share\vm\interpreter\li
Event: 512.750 Thread 0x000000001d428000 Exception <a 'sun/nio/fs/WindowsException'> (0x00000000e16d80b0) thrown at [D:\src\AOSP-openjdk-cygwin\jdk8u\hotspot\src\share\vm\prims\jni.cpp, line 710]

Events (10 events):
Event: 514.802 loading class com/android/tools/r8/n/a/a/a/g/I
Event: 514.802 loading class com/android/tools/r8/n/a/a/a/g/I done
Event: 514.803 loading class com/android/tools/r8/n/a/a/a/g/G
Event: 514.803 loading class com/android/tools/r8/n/a/a/a/g/G done
Event: 514.804 loading class com/android/tools/r8/n/a/a/a/g/z
Event: 514.804 loading class com/android/tools/r8/n/a/a/a/g/z done
Event: 514.841 loading class com/android/tools/r8/t/a/a/G/x
Event: 514.841 loading class com/android/tools/r8/t/a/a/G/x done
Event: 514.876 loading class com/android/tools/r8/ir/conversion/z
Event: 514.876 loading class com/android/tools/r8/ir/conversion/z done


Dynamic libraries:
0x00007ff7fdb20000 - 0x00007ff7fdb51000 	C:\Program Files\Android\Android Studio\jre\bin\java.exe
0x00007ffcc8a60000 - 0x00007ffcc8c50000 	C:\WINDOWS\SYSTEM32\ntdll.dll
0x00007ffcc7cb0000 - 0x00007ffcc7d62000 	C:\WINDOWS\System32\KERNEL32.DLL
0x00007ffcc6560000 - 0x00007ffcc6803000 	C:\WINDOWS\System32\KERNELBASE.dll
0x00007ffcc3ad0000 - 0x00007ffcc3b5f000 	C:\WINDOWS\SYSTEM32\apphelp.dll
0x00007ffcc87d0000 - 0x00007ffcc8873000 	C:\WINDOWS\System32\ADVAPI32.dll
0x00007ffcc7b70000 - 0x00007ffcc7c0e000 	C:\WINDOWS\System32\msvcrt.dll
0x00007ffcc7d70000 - 0x00007ffcc7e07000 	C:\WINDOWS\System32\sechost.dll
0x00007ffcc83c0000 - 0x00007ffcc84e0000 	C:\WINDOWS\System32\RPCRT4.dll
0x00007ffcc6b10000 - 0x00007ffcc6ca4000 	C:\WINDOWS\System32\USER32.dll
0x00007ffcc68b0000 - 0x00007ffcc68d1000 	C:\WINDOWS\System32\win32u.dll
0x00007ffcc88e0000 - 0x00007ffcc8906000 	C:\WINDOWS\System32\GDI32.dll
0x00007ffcc63c0000 - 0x00007ffcc6554000 	C:\WINDOWS\System32\gdi32full.dll
0x00007ffcc6810000 - 0x00007ffcc68ae000 	C:\WINDOWS\System32\msvcp_win.dll
0x00007ffcc68e0000 - 0x00007ffcc69da000 	C:\WINDOWS\System32\ucrtbase.dll
0x00007ffcb79f0000 - 0x00007ffcb7c75000 	C:\WINDOWS\WinSxS\amd64_microsoft.windows.common-controls_6595b64144ccf1df_6.0.18362.535_none_e6c3b34713100821\COMCTL32.dll
0x00007ffcc7e90000 - 0x00007ffcc81c6000 	C:\WINDOWS\System32\combase.dll
0x00007ffcc6a90000 - 0x00007ffcc6b10000 	C:\WINDOWS\System32\bcryptPrimitives.dll
0x00007ffcc81d0000 - 0x00007ffcc81fe000 	C:\WINDOWS\System32\IMM32.DLL
0x00000000511f0000 - 0x00000000512c2000 	C:\Program Files\Android\Android Studio\jre\jre\bin\msvcr100.dll
0x0000000050290000 - 0x0000000050ad6000 	C:\Program Files\Android\Android Studio\jre\jre\bin\server\jvm.dll
0x00007ffcc7ca0000 - 0x00007ffcc7ca8000 	C:\WINDOWS\System32\PSAPI.DLL
0x00007ffcbc390000 - 0x00007ffcbc39a000 	C:\WINDOWS\SYSTEM32\VERSION.dll
0x00007ffcc2370000 - 0x00007ffcc2394000 	C:\WINDOWS\SYSTEM32\WINMM.dll
0x00007ffcb2880000 - 0x00007ffcb2889000 	C:\WINDOWS\SYSTEM32\WSOCK32.dll
0x00007ffcc2340000 - 0x00007ffcc236d000 	C:\WINDOWS\SYSTEM32\winmmbase.dll
0x00007ffcc8350000 - 0x00007ffcc83bf000 	C:\WINDOWS\System32\WS2_32.dll
0x00007ffcc6350000 - 0x00007ffcc639a000 	C:\WINDOWS\System32\cfgmgr32.dll
0x00007ffcbf130000 - 0x00007ffcbf13f000 	C:\Program Files\Android\Android Studio\jre\jre\bin\verify.dll
0x00007ffcb9180000 - 0x00007ffcb91a9000 	C:\Program Files\Android\Android Studio\jre\jre\bin\java.dll
0x00007ffcb9160000 - 0x00007ffcb9176000 	C:\Program Files\Android\Android Studio\jre\jre\bin\zip.dll
0x00007ffcc7390000 - 0x00007ffcc7a75000 	C:\WINDOWS\System32\SHELL32.dll
0x00007ffcc8970000 - 0x00007ffcc8a19000 	C:\WINDOWS\System32\shcore.dll
0x00007ffcc5a50000 - 0x00007ffcc61cf000 	C:\WINDOWS\System32\windows.storage.dll
0x00007ffcc59d0000 - 0x00007ffcc59ef000 	C:\WINDOWS\System32\profapi.dll
0x00007ffcc5960000 - 0x00007ffcc59aa000 	C:\WINDOWS\System32\powrprof.dll
0x00007ffcc5930000 - 0x00007ffcc5940000 	C:\WINDOWS\System32\UMPDC.dll
0x00007ffcc8910000 - 0x00007ffcc8962000 	C:\WINDOWS\System32\shlwapi.dll
0x00007ffcc5940000 - 0x00007ffcc5951000 	C:\WINDOWS\System32\kernel.appcore.dll
0x00007ffcc63a0000 - 0x00007ffcc63b7000 	C:\WINDOWS\System32\cryptsp.dll
0x00007ffcb87a0000 - 0x00007ffcb87ba000 	C:\Program Files\Android\Android Studio\jre\jre\bin\net.dll
0x00007ffcc51a0000 - 0x00007ffcc5207000 	C:\WINDOWS\system32\mswsock.dll
0x00007ffcb5750000 - 0x00007ffcb5761000 	C:\Program Files\Android\Android Studio\jre\jre\bin\nio.dll
0x00007ffc9edc0000 - 0x00007ffc9ede6000 	C:\Users\Laptop\.gradle\native\29\windows-amd64\native-platform.dll
0x00007ffcbed90000 - 0x00007ffcbed9d000 	C:\Program Files\Android\Android Studio\jre\jre\bin\management.dll
0x00007ffcc4d10000 - 0x00007ffcc4d43000 	C:\WINDOWS\system32\rsaenh.dll
0x00007ffcc61d0000 - 0x00007ffcc61f6000 	C:\WINDOWS\System32\bcrypt.dll
0x00007ffcc5820000 - 0x00007ffcc5845000 	C:\WINDOWS\SYSTEM32\USERENV.dll
0x00007ffcc5370000 - 0x00007ffcc537c000 	C:\WINDOWS\SYSTEM32\CRYPTBASE.dll
0x00007ffcc4eb0000 - 0x00007ffcc4eea000 	C:\WINDOWS\SYSTEM32\IPHLPAPI.DLL
0x00007ffcc8200000 - 0x00007ffcc8208000 	C:\WINDOWS\System32\NSI.dll
0x00007ffcbbe00000 - 0x00007ffcbbe16000 	C:\WINDOWS\SYSTEM32\dhcpcsvc6.DLL
0x00007ffcbc320000 - 0x00007ffcbc33c000 	C:\WINDOWS\SYSTEM32\dhcpcsvc.DLL
0x00007ffcc4ef0000 - 0x00007ffcc4fba000 	C:\WINDOWS\SYSTEM32\DNSAPI.dll
0x00007ffc9fb10000 - 0x00007ffc9fb34000 	C:\Program Files\Android\Android Studio\jre\jre\bin\sunec.dll
0x00007ffcb6020000 - 0x00007ffcb602a000 	C:\Windows\System32\rasadhlp.dll
0x00007ffcbbc90000 - 0x00007ffcbbd07000 	C:\WINDOWS\System32\fwpuclnt.dll
0x00007ffcc0230000 - 0x00007ffcc023b000 	C:\Program Files\Android\Android Studio\jre\jre\bin\sunmscapi.dll
0x00007ffcc6200000 - 0x00007ffcc6349000 	C:\WINDOWS\System32\CRYPT32.dll
0x00007ffcc59b0000 - 0x00007ffcc59c2000 	C:\WINDOWS\System32\MSASN1.dll
0x00007ffc890d0000 - 0x00007ffc8926c000 	C:\Program Files\Android\Android Studio\jre\jre\bin\awt.dll
0x00007ffcc7aa0000 - 0x00007ffcc7b64000 	C:\WINDOWS\System32\OLEAUT32.dll
0x00007ffcc40d0000 - 0x00007ffcc40fd000 	C:\WINDOWS\SYSTEM32\dwmapi.dll
0x00007ffcc26f0000 - 0x00007ffcc2cb0000 	C:\WINDOWS\SYSTEM32\d2d1.dll
0x00007ffcc3c10000 - 0x00007ffcc3ca9000 	C:\WINDOWS\system32\uxtheme.dll

VM Arguments:
jvm_args: -Xmx1536m -Dfile.encoding=windows-1250 -Duser.country=US -Duser.language=en -Duser.variant 
java_command: org.gradle.launcher.daemon.bootstrap.GradleDaemon 5.4.1
java_class_path (initial): C:\Users\Laptop\.gradle\wrapper\dists\gradle-5.4.1-all\3221gyojl5jsh0helicew7rwx\gradle-5.4.1\lib\gradle-launcher-5.4.1.jar
Launcher Type: SUN_STANDARD

Environment Variables:
PATH=C:\ProgramData\Oracle\Java\javapath;C:\WINDOWS\system32;C:\WINDOWS;C:\WINDOWS\System32\Wbem;C:\WINDOWS\System32\WindowsPowerShell\v1.0\;C:\Program Files (x86)\NVIDIA Corporation\PhysX\Common;C:\Program Files (x86)\GtkSharp\2.12\bin;C:\WINDOWS\System32\OpenSSH\;C:\Program Files (x86)\Microsoft SQL Server\150\DTS\Binn\;C:\Program Files\Microsoft SQL Server\Client SDK\ODBC\130\Tools\Binn\;C:\Program Files (x86)\Microsoft SQL Server\140\Tools\Binn\;C:\Program Files\Microsoft SQL Server\140\Tools\Binn\;C:\Program Files\Microsoft SQL Server\140\DTS\Binn\;C:\Users\Laptop\AppData\Local\Microsoft\WindowsApps;C:\Users\Laptop\AppData\Local\atom\bin;C:\Users\Laptop\AppData\Local\Microsoft\WindowsApps;C:\Users\Laptop\AppData\Local\Programs\Microsoft VS Code\bin;C:\Users\Laptop\AppData\Local\GitHubDesktop\bin
USERNAME=Laptop
OS=Windows_NT
PROCESSOR_IDENTIFIER=Intel64 Family 6 Model 69 Stepping 1, GenuineIntel



---------------  S Y S T E M  ---------------

OS: Windows 10.0 , 64 bit Build 18362 (10.0.18362.329)

CPU:total 4 (initial active 4) (2 cores per cpu, 2 threads per core) family 6 model 69 stepping 1, cmov, cx8, fxsr, mmx, sse, sse2, sse3, ssse3, sse4.1, sse4.2, popcnt, avx, avx2, aes, clmul, erms, lzcnt, ht, tsc, tscinvbit, bmi1, bmi2

Memory: 4k page, physical 4119916k(74812k free), swap 8239468k(4180k free)

vm_info: OpenJDK 64-Bit Server VM (25.202-b03) for windows-amd64 JRE (1.8.0_202-release-1483-b03), built by "builder" with MS VC++ 10.0 (VS2010)

time: Wed Jan 15 18:07:12 2020
timezone: Central European Standard Time
elapsed time: 514 seconds (0d 0h 8m 34s)

