#
# There is insufficient memory for the Java Runtime Environment to continue.
# Native memory allocation (malloc) failed to allocate 529136 bytes for Chunk::new
# Possible reasons:
#   The system is out of physical RAM or swap space
#   The process is running with CompressedOops enabled, and the Java Heap may be blocking the growth of the native heap
# Possible solutions:
#   Reduce memory load on the system
#   Increase physical memory or swap space
#   Check if swap backing store is full
#   Decrease Java heap size (-Xmx/-Xms)
#   Decrease number of Java threads
#   Decrease Java thread stack sizes (-Xss)
#   Set larger code cache with -XX:ReservedCodeCacheSize=
#   JVM is running with Unscaled Compressed Oops mode in which the Java heap is
#     placed in the first 4GB address space. The Java Heap base address is the
#     maximum limit for the native heap growth. Please use -XX:HeapBaseMinAddress
#     to set the Java Heap base and to place the Java Heap above 4GB virtual address.
# This output file may be truncated or incomplete.
#
#  Out of Memory Error (allocation.cpp:389), pid=2964, tid=0x0000000000003ca0
#
# JRE version: OpenJDK Runtime Environment (8.0_202-b03) (build 1.8.0_202-release-1483-b03)
# Java VM: OpenJDK 64-Bit Server VM (25.202-b03 mixed mode windows-amd64 compressed oops)
# Failed to write core dump. Minidumps are not enabled by default on client versions of Windows
#

---------------  T H R E A D  ---------------

Current thread (0x00000000161bb000):  JavaThread "C2 CompilerThread1" daemon [_thread_in_native, id=15520, stack(0x0000000017910000,0x0000000017a10000)]

Stack: [0x0000000017910000,0x0000000017a10000]
[error occurred during error reporting (printing stack bounds), id 0xc0000005]

Native frames: (J=compiled Java code, j=interpreted, Vv=VM code, C=native code)


Current CompileTask:
C2:  40076 2195       4       org.codehaus.groovy.reflection.CachedMethod::compareTo (25 bytes)


---------------  P R O C E S S  ---------------

Java Threads: ( => current thread )
  0x000000001846a000 JavaThread "Cache worker for file hash cache (D:\Skola\MyApplication\.gradle\5.4.1\fileHashes)" [_thread_blocked, id=1908, stack(0x000000001d100000,0x000000001d200000)]
  0x0000000018469800 JavaThread "File lock release action executor" [_thread_blocked, id=22964, stack(0x000000001b060000,0x000000001b160000)]
  0x0000000018468000 JavaThread "Cache worker for journal cache (C:\Users\Laptop\.gradle\caches\journal-1)" [_thread_blocked, id=8036, stack(0x000000001af60000,0x000000001b060000)]
  0x0000000018468800 JavaThread "File lock request listener" [_thread_in_native, id=9260, stack(0x000000001ac60000,0x000000001ad60000)]
  0x0000000018467000 JavaThread "Cache worker for file hash cache (C:\Users\Laptop\.gradle\caches\5.4.1\fileHashes)" [_thread_blocked, id=25620, stack(0x000000001ab60000,0x000000001ac60000)]
  0x0000000018e51000 JavaThread "Thread-9" [_thread_blocked, id=18064, stack(0x000000001aa60000,0x000000001ab60000)]
  0x0000000019037000 JavaThread "Stdin handler" [_thread_blocked, id=26052, stack(0x000000001a960000,0x000000001aa60000)]
  0x0000000017c7e000 JavaThread "Asynchronous log dispatcher for DefaultDaemonConnection: socket connection from /127.0.0.1:47518 to /127.0.0.1:47521" [_thread_blocked, id=17812, stack(0x000000001a860000,0x000000001a960000)]
  0x0000000017ce9800 JavaThread "Daemon worker" [_thread_in_native, id=26208, stack(0x000000001a760000,0x000000001a860000)]
  0x0000000017ce8800 JavaThread "Cancel handler" [_thread_blocked, id=6696, stack(0x000000001a660000,0x000000001a760000)]
  0x000000001853c000 JavaThread "Handler for socket connection from /127.0.0.1:47518 to /127.0.0.1:47521" [_thread_in_native, id=24880, stack(0x000000001a360000,0x000000001a460000)]
  0x0000000018539800 JavaThread "Daemon" [_thread_blocked, id=9396, stack(0x000000001a260000,0x000000001a360000)]
  0x00000000189e9000 JavaThread "Daemon periodic checks" [_thread_blocked, id=17860, stack(0x000000001a160000,0x000000001a260000)]
  0x00000000189e7000 JavaThread "Incoming local TCP Connector on port 47518" [_thread_in_native, id=24044, stack(0x0000000019f20000,0x000000001a020000)]
  0x0000000018f4a800 JavaThread "Daemon health stats" [_thread_blocked, id=21748, stack(0x00000000198e0000,0x00000000199e0000)]
  0x0000000017b40800 JavaThread "Service Thread" daemon [_thread_blocked, id=24664, stack(0x0000000017f10000,0x0000000018010000)]
  0x00000000161be800 JavaThread "C1 CompilerThread2" daemon [_thread_blocked, id=14228, stack(0x0000000017a10000,0x0000000017b10000)]
=>0x00000000161bb000 JavaThread "C2 CompilerThread1" daemon [_thread_in_native, id=15520, stack(0x0000000017910000,0x0000000017a10000)]
  0x00000000161b8000 JavaThread "C2 CompilerThread0" daemon [_thread_blocked, id=8072, stack(0x0000000017810000,0x0000000017910000)]
  0x00000000161b6000 JavaThread "Attach Listener" daemon [_thread_blocked, id=19072, stack(0x0000000017710000,0x0000000017810000)]
  0x00000000161b3800 JavaThread "Signal Dispatcher" daemon [_thread_blocked, id=12156, stack(0x0000000017610000,0x0000000017710000)]
  0x000000000283b000 JavaThread "Finalizer" daemon [_thread_blocked, id=26584, stack(0x0000000017410000,0x0000000017510000)]
  0x0000000016199000 JavaThread "Reference Handler" daemon [_thread_blocked, id=10812, stack(0x0000000017310000,0x0000000017410000)]
  0x0000000000a8e000 JavaThread "main" [_thread_blocked, id=21028, stack(0x0000000002550000,0x0000000002650000)]

Other Threads:
  0x0000000016177000 VMThread [stack: 0x0000000017210000,0x0000000017310000] [id=19872]
  0x0000000017b49000 WatcherThread [stack: 0x0000000018010000,0x0000000018110000] [id=23864]

VM state:not at safepoint (normal execution)

VM Mutex/Monitor currently owned by a thread: None

heap address: 0x00000000a0000000, size: 1536 MB, Compressed Oops mode: 32-bit
Narrow klass base: 0x0000000000000000, Narrow klass shift: 3
Compressed class space size: 1073741824 Address: 0x0000000100000000

Heap:
 PSYoungGen      total 71680K, used 21822K [0x00000000e0000000, 0x00000000e9100000, 0x0000000100000000)
  eden space 64512K, 33% used [0x00000000e0000000,0x00000000e154fb90,0x00000000e3f00000)
  from space 7168K, 0% used [0x00000000e3f00000,0x00000000e3f00000,0x00000000e4600000)
  to   space 9728K, 0% used [0x00000000e8780000,0x00000000e8780000,0x00000000e9100000)
 ParOldGen       total 34816K, used 11015K [0x00000000a0000000, 0x00000000a2200000, 0x00000000e0000000)
  object space 34816K, 31% used [0x00000000a0000000,0x00000000a0ac1dc0,0x00000000a2200000)
 Metaspace       used 24734K, capacity 25234K, committed 25472K, reserved 1071104K
  class space    used 3433K, capacity 3606K, committed 3712K, reserved 1048576K

Card table byte_map: [0x0000000011c00000,0x0000000011f10000] byte_map_base: 0x0000000011700000

Marking Bits: (ParMarkBitMap*) 0x0000000050a59f30
 Begin Bits: [0x0000000012510000, 0x0000000013d10000)
 End Bits:   [0x0000000013d10000, 0x0000000015510000)

Polling page: 0x00000000005f0000

CodeCache: size=245760Kb used=6352Kb max_used=6358Kb free=239407Kb
 bounds [0x0000000002840000, 0x0000000002e80000, 0x0000000011840000]
 total_blobs=2401 nmethods=1970 adapters=344
 compilation: enabled

Compilation events (10 events):
Event: 39.965 Thread 0x00000000161be800 2204       3       java.beans.FeatureDescriptor::setClass0 (9 bytes)
Event: 39.965 Thread 0x00000000161be800 nmethod 2204 0x0000000002e73190 code [0x0000000002e73320, 0x0000000002e736a8]
Event: 39.966 Thread 0x00000000161be800 2205       3       java.beans.FeatureDescriptor::<init> (5 bytes)
Event: 39.966 Thread 0x00000000161be800 nmethod 2205 0x0000000002e7bd50 code [0x0000000002e7bea0, 0x0000000002e7c050]
Event: 39.966 Thread 0x00000000161be800 2206       3       java.beans.FeatureDescriptor::setName (6 bytes)
Event: 39.966 Thread 0x00000000161be800 nmethod 2206 0x0000000002e7ba10 code [0x0000000002e7bb60, 0x0000000002e7bcd0]
Event: 39.967 Thread 0x00000000161be800 2207       1       org.codehaus.groovy.reflection.GeneratedMetaMethod::getReturnType (5 bytes)
Event: 39.967 Thread 0x00000000161be800 nmethod 2207 0x0000000002e72ed0 code [0x0000000002e73020, 0x0000000002e73130]
Event: 39.967 Thread 0x00000000161be800 2208       1       org.codehaus.groovy.util.SingleKeyHashMap$Entry::getKey (5 bytes)
Event: 39.967 Thread 0x00000000161be800 nmethod 2208 0x0000000002e7b750 code [0x0000000002e7b8a0, 0x0000000002e7b9b0]

GC Heap History (10 events):
Event: 5.997 GC heap before
{Heap before GC invocations=4 (full 0):
 PSYoungGen      total 18944K, used 18928K [0x00000000e0000000, 0x00000000e2500000, 0x0000000100000000)
  eden space 16384K, 100% used [0x00000000e0000000,0x00000000e1000000,0x00000000e1000000)
  from space 2560K, 99% used [0x00000000e1000000,0x00000000e127c010,0x00000000e1280000)
  to   space 2560K, 0% used [0x00000000e2280000,0x00000000e2280000,0x00000000e2500000)
 ParOldGen       total 44032K, used 699K [0x00000000a0000000, 0x00000000a2b00000, 0x00000000e0000000)
  object space 44032K, 1% used [0x00000000a0000000,0x00000000a00aee18,0x00000000a2b00000)
 Metaspace       used 8906K, capacity 9152K, committed 9216K, reserved 1056768K
  class space    used 1157K, capacity 1238K, committed 1280K, reserved 1048576K
Event: 6.026 GC heap after
Heap after GC invocations=4 (full 0):
 PSYoungGen      total 35328K, used 2544K [0x00000000e0000000, 0x00000000e2500000, 0x0000000100000000)
  eden space 32768K, 0% used [0x00000000e0000000,0x00000000e0000000,0x00000000e2000000)
  from space 2560K, 99% used [0x00000000e2280000,0x00000000e24fc030,0x00000000e2500000)
  to   space 2560K, 0% used [0x00000000e2000000,0x00000000e2000000,0x00000000e2280000)
 ParOldGen       total 44032K, used 2063K [0x00000000a0000000, 0x00000000a2b00000, 0x00000000e0000000)
  object space 44032K, 4% used [0x00000000a0000000,0x00000000a0203d80,0x00000000a2b00000)
 Metaspace       used 8906K, capacity 9152K, committed 9216K, reserved 1056768K
  class space    used 1157K, capacity 1238K, committed 1280K, reserved 1048576K
}
Event: 12.463 GC heap before
{Heap before GC invocations=5 (full 0):
 PSYoungGen      total 35328K, used 35312K [0x00000000e0000000, 0x00000000e2500000, 0x0000000100000000)
  eden space 32768K, 99% used [0x00000000e0000000,0x00000000e1fffff8,0x00000000e2000000)
  from space 2560K, 99% used [0x00000000e2280000,0x00000000e24fc030,0x00000000e2500000)
  to   space 2560K, 0% used [0x00000000e2000000,0x00000000e2000000,0x00000000e2280000)
 ParOldGen       total 44032K, used 2063K [0x00000000a0000000, 0x00000000a2b00000, 0x00000000e0000000)
  object space 44032K, 4% used [0x00000000a0000000,0x00000000a0203d80,0x00000000a2b00000)
 Metaspace       used 13314K, capacity 13684K, committed 13824K, reserved 1060864K
  class space    used 1833K, capacity 1966K, committed 2048K, reserved 1048576K
Event: 12.480 GC heap after
Heap after GC invocations=5 (full 0):
 PSYoungGen      total 35328K, used 2544K [0x00000000e0000000, 0x00000000e4c00000, 0x0000000100000000)
  eden space 32768K, 0% used [0x00000000e0000000,0x00000000e0000000,0x00000000e2000000)
  from space 2560K, 99% used [0x00000000e2000000,0x00000000e227c030,0x00000000e2280000)
  to   space 6144K, 0% used [0x00000000e4600000,0x00000000e4600000,0x00000000e4c00000)
 ParOldGen       total 44032K, used 5871K [0x00000000a0000000, 0x00000000a2b00000, 0x00000000e0000000)
  object space 44032K, 13% used [0x00000000a0000000,0x00000000a05bbef0,0x00000000a2b00000)
 Metaspace       used 13314K, capacity 13684K, committed 13824K, reserved 1060864K
  class space    used 1833K, capacity 1966K, committed 2048K, reserved 1048576K
}
Event: 14.597 GC heap before
{Heap before GC invocations=6 (full 0):
 PSYoungGen      total 35328K, used 35312K [0x00000000e0000000, 0x00000000e4c00000, 0x0000000100000000)
  eden space 32768K, 100% used [0x00000000e0000000,0x00000000e2000000,0x00000000e2000000)
  from space 2560K, 99% used [0x00000000e2000000,0x00000000e227c030,0x00000000e2280000)
  to   space 6144K, 0% used [0x00000000e4600000,0x00000000e4600000,0x00000000e4c00000)
 ParOldGen       total 44032K, used 5871K [0x00000000a0000000, 0x00000000a2b00000, 0x00000000e0000000)
  object space 44032K, 13% used [0x00000000a0000000,0x00000000a05bbef0,0x00000000a2b00000)
 Metaspace       used 16064K, capacity 16452K, committed 16512K, reserved 1062912K
  class space    used 2283K, capacity 2424K, committed 2432K, reserved 1048576K
Event: 14.687 GC heap after
Heap after GC invocations=6 (full 0):
 PSYoungGen      total 70656K, used 6122K [0x00000000e0000000, 0x00000000e4e00000, 0x0000000100000000)
  eden space 64512K, 0% used [0x00000000e0000000,0x00000000e0000000,0x00000000e3f00000)
  from space 6144K, 99% used [0x00000000e4600000,0x00000000e4bfa868,0x00000000e4c00000)
  to   space 7168K, 0% used [0x00000000e3f00000,0x00000000e3f00000,0x00000000e4600000)
 ParOldGen       total 44032K, used 6135K [0x00000000a0000000, 0x00000000a2b00000, 0x00000000e0000000)
  object space 44032K, 13% used [0x00000000a0000000,0x00000000a05fdcb0,0x00000000a2b00000)
 Metaspace       used 16064K, capacity 16452K, committed 16512K, reserved 1062912K
  class space    used 2283K, capacity 2424K, committed 2432K, reserved 1048576K
}
Event: 38.622 GC heap before
{Heap before GC invocations=7 (full 0):
 PSYoungGen      total 70656K, used 57512K [0x00000000e0000000, 0x00000000e4e00000, 0x0000000100000000)
  eden space 64512K, 79% used [0x00000000e0000000,0x00000000e322fb20,0x00000000e3f00000)
  from space 6144K, 99% used [0x00000000e4600000,0x00000000e4bfa868,0x00000000e4c00000)
  to   space 7168K, 0% used [0x00000000e3f00000,0x00000000e3f00000,0x00000000e4600000)
 ParOldGen       total 44032K, used 6135K [0x00000000a0000000, 0x00000000a2b00000, 0x00000000e0000000)
  object space 44032K, 13% used [0x00000000a0000000,0x00000000a05fdcb0,0x00000000a2b00000)
 Metaspace       used 20683K, capacity 21202K, committed 21296K, reserved 1067008K
  class space    used 2981K, capacity 3158K, committed 3200K, reserved 1048576K
Event: 38.646 GC heap after
Heap after GC invocations=7 (full 0):
 PSYoungGen      total 71680K, used 7165K [0x00000000e0000000, 0x00000000e9100000, 0x0000000100000000)
  eden space 64512K, 0% used [0x00000000e0000000,0x00000000e0000000,0x00000000e3f00000)
  from space 7168K, 99% used [0x00000000e3f00000,0x00000000e45ff400,0x00000000e4600000)
  to   space 9728K, 0% used [0x00000000e8780000,0x00000000e8780000,0x00000000e9100000)
 ParOldGen       total 44032K, used 8544K [0x00000000a0000000, 0x00000000a2b00000, 0x00000000e0000000)
  object space 44032K, 19% used [0x00000000a0000000,0x00000000a0858198,0x00000000a2b00000)
 Metaspace       used 20683K, capacity 21202K, committed 21296K, reserved 1067008K
  class space    used 2981K, capacity 3158K, committed 3200K, reserved 1048576K
}
Event: 38.646 GC heap before
{Heap before GC invocations=8 (full 1):
 PSYoungGen      total 71680K, used 7165K [0x00000000e0000000, 0x00000000e9100000, 0x0000000100000000)
  eden space 64512K, 0% used [0x00000000e0000000,0x00000000e0000000,0x00000000e3f00000)
  from space 7168K, 99% used [0x00000000e3f00000,0x00000000e45ff400,0x00000000e4600000)
  to   space 9728K, 0% used [0x00000000e8780000,0x00000000e8780000,0x00000000e9100000)
 ParOldGen       total 44032K, used 8544K [0x00000000a0000000, 0x00000000a2b00000, 0x00000000e0000000)
  object space 44032K, 19% used [0x00000000a0000000,0x00000000a0858198,0x00000000a2b00000)
 Metaspace       used 20683K, capacity 21202K, committed 21296K, reserved 1067008K
  class space    used 2981K, capacity 3158K, committed 3200K, reserved 1048576K
Event: 38.825 GC heap after
Heap after GC invocations=8 (full 1):
 PSYoungGen      total 71680K, used 0K [0x00000000e0000000, 0x00000000e9100000, 0x0000000100000000)
  eden space 64512K, 0% used [0x00000000e0000000,0x00000000e0000000,0x00000000e3f00000)
  from space 7168K, 0% used [0x00000000e3f00000,0x00000000e3f00000,0x00000000e4600000)
  to   space 9728K, 0% used [0x00000000e8780000,0x00000000e8780000,0x00000000e9100000)
 ParOldGen       total 34816K, used 11015K [0x00000000a0000000, 0x00000000a2200000, 0x00000000e0000000)
  object space 34816K, 31% used [0x00000000a0000000,0x00000000a0ac1dc0,0x00000000a2200000)
 Metaspace       used 20683K, capacity 21202K, committed 21296K, reserved 1067008K
  class space    used 2981K, capacity 3158K, committed 3200K, reserved 1048576K
}

Deoptimization events (10 events):
Event: 32.747 Thread 0x0000000017ce9800 Uncommon trap: reason=bimorphic action=maybe_recompile pc=0x0000000002a22b5c method=java.lang.ClassLoader.loadClass(Ljava/lang/String;Z)Ljava/lang/Class; @ 38
Event: 32.749 Thread 0x0000000017ce9800 Uncommon trap: reason=bimorphic action=maybe_recompile pc=0x0000000002a22b5c method=java.lang.ClassLoader.loadClass(Ljava/lang/String;Z)Ljava/lang/Class; @ 38
Event: 32.750 Thread 0x0000000017ce9800 Uncommon trap: reason=bimorphic action=maybe_recompile pc=0x0000000002a22b5c method=java.lang.ClassLoader.loadClass(Ljava/lang/String;Z)Ljava/lang/Class; @ 38
Event: 32.754 Thread 0x0000000017ce9800 Uncommon trap: reason=unstable_if action=reinterpret pc=0x0000000002d06b4c method=java.net.URLClassLoader.getAndVerifyPackage(Ljava/lang/String;Ljava/util/jar/Manifest;Ljava/net/URL;)Ljava/lang/Package; @ 62
Event: 32.756 Thread 0x0000000017ce9800 Uncommon trap: reason=bimorphic action=maybe_recompile pc=0x0000000002d350d8 method=java.lang.ClassLoader.getPackage(Ljava/lang/String;)Ljava/lang/Package; @ 47
Event: 32.757 Thread 0x0000000017ce9800 Uncommon trap: reason=unstable_if action=reinterpret pc=0x0000000002d34bac method=java.net.URLClassLoader.getAndVerifyPackage(Ljava/lang/String;Ljava/util/jar/Manifest;Ljava/net/URL;)Ljava/lang/Package; @ 62
Event: 37.989 Thread 0x0000000017ce9800 Uncommon trap: reason=class_check action=maybe_recompile pc=0x0000000002a403ec method=sun.misc.URLClassPath.getLoader(I)Lsun/misc/URLClassPath$Loader; @ 94
Event: 37.989 Thread 0x0000000017ce9800 Uncommon trap: reason=class_check action=maybe_recompile pc=0x0000000002b9236c method=sun.misc.URLClassPath.getResource(Ljava/lang/String;Z)Lsun/misc/Resource; @ 62
Event: 38.001 Thread 0x0000000017ce9800 Uncommon trap: reason=unstable_if action=reinterpret pc=0x0000000002c4abc8 method=java.lang.ClassLoader.getClassLoadingLock(Ljava/lang/String;)Ljava/lang/Object; @ 6
Event: 38.853 Thread 0x0000000016199000 Uncommon trap: reason=unstable_if action=reinterpret pc=0x0000000002cf9c3c method=java.lang.ref.Reference.tryHandlePending(Z)Z @ 104

Classes redefined (0 events):
No events

Internal exceptions (10 events):
Event: 39.895 Thread 0x0000000017ce9800 Exception <a 'java/security/PrivilegedActionException'> (0x00000000e121e4a8) thrown at [D:\src\AOSP-openjdk-cygwin\jdk8u\hotspot\src\share\vm\prims\jvm.cpp, line 1508]
Event: 39.895 Thread 0x0000000017ce9800 Exception <a 'java/security/PrivilegedActionException'> (0x00000000e121f040) thrown at [D:\src\AOSP-openjdk-cygwin\jdk8u\hotspot\src\share\vm\prims\jvm.cpp, line 1508]
Event: 39.895 Thread 0x0000000017ce9800 Exception <a 'java/lang/ClassNotFoundException': groovy/lang/ScriptCustomizer> (0x00000000e1222b20) thrown at [D:\src\AOSP-openjdk-cygwin\jdk8u\hotspot\src\share\vm\classfile\systemDictionary.cpp, line 210]
Event: 39.898 Thread 0x0000000017ce9800 Exception <a 'java/lang/ClassNotFoundException': org/gradle/groovy/scripts/ScriptCustomizer> (0x00000000e123ed00) thrown at [D:\src\AOSP-openjdk-cygwin\jdk8u\hotspot\src\share\vm\classfile\systemDictionary.cpp, line 210]
Event: 39.900 Thread 0x0000000017ce9800 Exception <a 'java/lang/ClassNotFoundException': org/gradle/groovy/scripts/BasicScriptCustomizer> (0x00000000e125b9f0) thrown at [D:\src\AOSP-openjdk-cygwin\jdk8u\hotspot\src\share\vm\classfile\systemDictionary.cpp, line 210]
Event: 39.902 Thread 0x0000000017ce9800 Exception <a 'java/lang/ClassNotFoundException': org/gradle/groovy/scripts/DefaultScriptCustomizer> (0x00000000e127ea78) thrown at [D:\src\AOSP-openjdk-cygwin\jdk8u\hotspot\src\share\vm\classfile\systemDictionary.cpp, line 210]
Event: 39.907 Thread 0x0000000017ce9800 Exception <a 'java/lang/ClassNotFoundException': org/gradle/initialization/InitScriptCustomizer> (0x00000000e12b9b38) thrown at [D:\src\AOSP-openjdk-cygwin\jdk8u\hotspot\src\share\vm\classfile\systemDictionary.cpp, line 210]
Event: 39.917 Thread 0x0000000017ce9800 Exception <a 'java/lang/ClassNotFoundException': sync_java_lib_74mcrsmyncksdig8j97h2v6qhCustomizer> (0x00000000e12ce948) thrown at [D:\src\AOSP-openjdk-cygwin\jdk8u\hotspot\src\share\vm\classfile\systemDictionary.cpp, line 210]
Event: 39.963 Thread 0x0000000017ce9800 Exception <a 'java/lang/ClassNotFoundException': org/gradle/internal/extensibility/DefaultExtraPropertiesExtensionBeanInfo> (0x00000000e13f3a50) thrown at [D:\src\AOSP-openjdk-cygwin\jdk8u\hotspot\src\share\vm\classfile\systemDictionary.cpp, line 210]
Event: 39.964 Thread 0x0000000017ce9800 Exception <a 'java/lang/ClassNotFoundException': org/gradle/internal/extensibility/DefaultExtraPropertiesExtensionCustomizer> (0x00000000e140ec30) thrown at [D:\src\AOSP-openjdk-cygwin\jdk8u\hotspot\src\share\vm\classfile\systemDictionary.cpp, line 210]

Events (10 events):
Event: 39.963 loading class org/gradle/internal/extensibility/DefaultExtraPropertiesExtensionBeanInfo
Event: 39.963 loading class org/gradle/internal/extensibility/DefaultExtraPropertiesExtensionBeanInfo done
Event: 39.964 loading class org/gradle/internal/extensibility/DefaultExtraPropertiesExtensionCustomizer
Event: 39.964 loading class org/gradle/internal/extensibility/DefaultExtraPropertiesExtensionCustomizer done
Event: 39.964 loading class org/gradle/internal/extensibility/DefaultExtraPropertiesExtensionCustomizer
Event: 39.964 loading class org/gradle/internal/extensibility/DefaultExtraPropertiesExtensionCustomizer done
Event: 39.964 loading class org/gradle/internal/extensibility/DefaultExtraPropertiesExtensionCustomizer
Event: 39.964 loading class org/gradle/internal/extensibility/DefaultExtraPropertiesExtensionCustomizer done
Event: 40.050 loading class org/gradle/internal/extensibility/ExtensionsStorage$ExtensionHolder
Event: 40.050 loading class org/gradle/internal/extensibility/ExtensionsStorage$ExtensionHolder done


Dynamic libraries:
0x00007ff622ea0000 - 0x00007ff622ed1000 	C:\Program Files\Android\Android Studio\jre\bin\java.exe
0x00007ffcc8a60000 - 0x00007ffcc8c50000 	C:\WINDOWS\SYSTEM32\ntdll.dll
0x00007ffcc7cb0000 - 0x00007ffcc7d62000 	C:\WINDOWS\System32\KERNEL32.DLL
0x00007ffcc6560000 - 0x00007ffcc6803000 	C:\WINDOWS\System32\KERNELBASE.dll
0x00007ffcc3ad0000 - 0x00007ffcc3b5f000 	C:\WINDOWS\SYSTEM32\apphelp.dll
0x00007ffcc87d0000 - 0x00007ffcc8873000 	C:\WINDOWS\System32\ADVAPI32.dll
0x00007ffcc7b70000 - 0x00007ffcc7c0e000 	C:\WINDOWS\System32\msvcrt.dll
0x00007ffcc7d70000 - 0x00007ffcc7e07000 	C:\WINDOWS\System32\sechost.dll
0x00007ffcc83c0000 - 0x00007ffcc84e0000 	C:\WINDOWS\System32\RPCRT4.dll
0x00007ffcc6b10000 - 0x00007ffcc6ca4000 	C:\WINDOWS\System32\USER32.dll
0x00007ffcc68b0000 - 0x00007ffcc68d1000 	C:\WINDOWS\System32\win32u.dll
0x00007ffcc88e0000 - 0x00007ffcc8906000 	C:\WINDOWS\System32\GDI32.dll
0x00007ffcc63c0000 - 0x00007ffcc6554000 	C:\WINDOWS\System32\gdi32full.dll
0x00007ffcc6810000 - 0x00007ffcc68ae000 	C:\WINDOWS\System32\msvcp_win.dll
0x00007ffcc68e0000 - 0x00007ffcc69da000 	C:\WINDOWS\System32\ucrtbase.dll
0x00007ffcb79f0000 - 0x00007ffcb7c75000 	C:\WINDOWS\WinSxS\amd64_microsoft.windows.common-controls_6595b64144ccf1df_6.0.18362.535_none_e6c3b34713100821\COMCTL32.dll
0x00007ffcc7e90000 - 0x00007ffcc81c6000 	C:\WINDOWS\System32\combase.dll
0x00007ffcc6a90000 - 0x00007ffcc6b10000 	C:\WINDOWS\System32\bcryptPrimitives.dll
0x00007ffcc81d0000 - 0x00007ffcc81fe000 	C:\WINDOWS\System32\IMM32.DLL
0x00000000501b0000 - 0x0000000050282000 	C:\Program Files\Android\Android Studio\jre\jre\bin\msvcr100.dll
0x0000000050290000 - 0x0000000050ad6000 	C:\Program Files\Android\Android Studio\jre\jre\bin\server\jvm.dll
0x00007ffcc7ca0000 - 0x00007ffcc7ca8000 	C:\WINDOWS\System32\PSAPI.DLL
0x00007ffcb2880000 - 0x00007ffcb2889000 	C:\WINDOWS\SYSTEM32\WSOCK32.dll
0x00007ffcc8350000 - 0x00007ffcc83bf000 	C:\WINDOWS\System32\WS2_32.dll
0x00007ffcc2370000 - 0x00007ffcc2394000 	C:\WINDOWS\SYSTEM32\WINMM.dll
0x00007ffcbc390000 - 0x00007ffcbc39a000 	C:\WINDOWS\SYSTEM32\VERSION.dll
0x00007ffcc2340000 - 0x00007ffcc236d000 	C:\WINDOWS\SYSTEM32\WINMMBASE.dll
0x00007ffcc6350000 - 0x00007ffcc639a000 	C:\WINDOWS\System32\cfgmgr32.dll
0x00007ffcbf130000 - 0x00007ffcbf13f000 	C:\Program Files\Android\Android Studio\jre\jre\bin\verify.dll
0x00007ffcb9180000 - 0x00007ffcb91a9000 	C:\Program Files\Android\Android Studio\jre\jre\bin\java.dll
0x00007ffcb9160000 - 0x00007ffcb9176000 	C:\Program Files\Android\Android Studio\jre\jre\bin\zip.dll
0x00007ffcc7390000 - 0x00007ffcc7a75000 	C:\WINDOWS\System32\SHELL32.dll
0x00007ffcc8970000 - 0x00007ffcc8a19000 	C:\WINDOWS\System32\shcore.dll
0x00007ffcc5a50000 - 0x00007ffcc61cf000 	C:\WINDOWS\System32\windows.storage.dll
0x00007ffcc59d0000 - 0x00007ffcc59ef000 	C:\WINDOWS\System32\profapi.dll
0x00007ffcc5960000 - 0x00007ffcc59aa000 	C:\WINDOWS\System32\powrprof.dll
0x00007ffcc5930000 - 0x00007ffcc5940000 	C:\WINDOWS\System32\UMPDC.dll
0x00007ffcc8910000 - 0x00007ffcc8962000 	C:\WINDOWS\System32\shlwapi.dll
0x00007ffcc5940000 - 0x00007ffcc5951000 	C:\WINDOWS\System32\kernel.appcore.dll
0x00007ffcc63a0000 - 0x00007ffcc63b7000 	C:\WINDOWS\System32\cryptsp.dll
0x00007ffcb87a0000 - 0x00007ffcb87ba000 	C:\Program Files\Android\Android Studio\jre\jre\bin\net.dll
0x00007ffcc51a0000 - 0x00007ffcc5207000 	C:\WINDOWS\system32\mswsock.dll
0x00007ffcb5750000 - 0x00007ffcb5761000 	C:\Program Files\Android\Android Studio\jre\jre\bin\nio.dll
0x00007ffc9edc0000 - 0x00007ffc9ede6000 	C:\Users\Laptop\.gradle\native\29\windows-amd64\native-platform.dll
0x00007ffcbed90000 - 0x00007ffcbed9d000 	C:\Program Files\Android\Android Studio\jre\jre\bin\management.dll
0x00007ffcc4d10000 - 0x00007ffcc4d43000 	C:\WINDOWS\system32\rsaenh.dll
0x00007ffcc61d0000 - 0x00007ffcc61f6000 	C:\WINDOWS\System32\bcrypt.dll
0x00007ffcc5820000 - 0x00007ffcc5845000 	C:\WINDOWS\SYSTEM32\USERENV.dll
0x00007ffcc5370000 - 0x00007ffcc537c000 	C:\WINDOWS\SYSTEM32\CRYPTBASE.dll
0x00007ffcc4eb0000 - 0x00007ffcc4eea000 	C:\WINDOWS\SYSTEM32\IPHLPAPI.DLL
0x00007ffcc8200000 - 0x00007ffcc8208000 	C:\WINDOWS\System32\NSI.dll
0x00007ffcbbe00000 - 0x00007ffcbbe16000 	C:\WINDOWS\SYSTEM32\dhcpcsvc6.DLL
0x00007ffcbc320000 - 0x00007ffcbc33c000 	C:\WINDOWS\SYSTEM32\dhcpcsvc.DLL
0x00007ffcc4ef0000 - 0x00007ffcc4fba000 	C:\WINDOWS\SYSTEM32\DNSAPI.dll

VM Arguments:
jvm_args: -Xmx1536m -Dfile.encoding=windows-1250 -Duser.country=US -Duser.language=en -Duser.variant 
java_command: org.gradle.launcher.daemon.bootstrap.GradleDaemon 5.4.1
java_class_path (initial): C:\Users\Laptop\.gradle\wrapper\dists\gradle-5.4.1-all\3221gyojl5jsh0helicew7rwx\gradle-5.4.1\lib\gradle-launcher-5.4.1.jar
Launcher Type: SUN_STANDARD

Environment Variables:
PATH=C:\ProgramData\Oracle\Java\javapath;C:\WINDOWS\system32;C:\WINDOWS;C:\WINDOWS\System32\Wbem;C:\WINDOWS\System32\WindowsPowerShell\v1.0\;C:\Program Files (x86)\NVIDIA Corporation\PhysX\Common;C:\Program Files (x86)\GtkSharp\2.12\bin;C:\WINDOWS\System32\OpenSSH\;C:\Program Files (x86)\Microsoft SQL Server\150\DTS\Binn\;C:\Program Files\Microsoft SQL Server\Client SDK\ODBC\130\Tools\Binn\;C:\Program Files (x86)\Microsoft SQL Server\140\Tools\Binn\;C:\Program Files\Microsoft SQL Server\140\Tools\Binn\;C:\Program Files\Microsoft SQL Server\140\DTS\Binn\;C:\Users\Laptop\AppData\Local\Microsoft\WindowsApps;C:\Users\Laptop\AppData\Local\atom\bin;C:\Users\Laptop\AppData\Local\Microsoft\WindowsApps;C:\Users\Laptop\AppData\Local\Programs\Microsoft VS Code\bin;C:\Users\Laptop\AppData\Local\GitHubDesktop\bin
USERNAME=Laptop
OS=Windows_NT
PROCESSOR_IDENTIFIER=Intel64 Family 6 Model 69 Stepping 1, GenuineIntel



---------------  S Y S T E M  ---------------

OS: Windows 10.0 , 64 bit Build 18362 (10.0.18362.329)

CPU:total 4 (initial active 4) (2 cores per cpu, 2 threads per core) family 6 model 69 stepping 1, cmov, cx8, fxsr, mmx, sse, sse2, sse3, ssse3, sse4.1, sse4.2, popcnt, avx, avx2, aes, clmul, erms, lzcnt, ht, tsc, tscinvbit, bmi1, bmi2

Memory: 4k page, physical 4119916k(24000k free), swap 8239468k(5356k free)

vm_info: OpenJDK 64-Bit Server VM (25.202-b03) for windows-amd64 JRE (1.8.0_202-release-1483-b03), built by "builder" with MS VC++ 10.0 (VS2010)

time: Wed Jan 15 17:33:22 2020
timezone: Central European Standard Time
elapsed time: 40 seconds (0d 0h 0m 40s)

